[0.008s] Invoking command in '/home/dministrator/myPro_c/ros2_ws/src/build/try_node': CMAKE_PREFIX_PATH=${CMAKE_PREFIX_PATH}:/opt/ros/jazzy CONDA_PROMPT_MODIFIER=(base) /usr/bin/cmake --build /home/dministrator/myPro_c/ros2_ws/src/build/try_node -- -j16 -l16
[0.057s] [ 75%] Built target subscriber_node
[0.057s] [ 75%] [32mBuilding CXX object CMakeFiles/publisher_node.dir/src/publisher_node.cpp.o[0m
[3.817s] [100%] [32m[1mLinking CXX executable publisher_node[0m
[3.969s] [100%] Built target publisher_node
[3.979s] Invoked command in '/home/dministrator/myPro_c/ros2_ws/src/build/try_node' returned '0': CMAKE_PREFIX_PATH=${CMAKE_PREFIX_PATH}:/opt/ros/jazzy CONDA_PROMPT_MODIFIER=(base) /usr/bin/cmake --build /home/dministrator/myPro_c/ros2_ws/src/build/try_node -- -j16 -l16
[3.989s] Invoking command in '/home/dministrator/myPro_c/ros2_ws/src/build/try_node': CMAKE_PREFIX_PATH=${CMAKE_PREFIX_PATH}:/opt/ros/jazzy CONDA_PROMPT_MODIFIER=(base) /usr/bin/cmake --install /home/dministrator/myPro_c/ros2_ws/src/build/try_node
[3.995s] -- Install configuration: ""
[3.995s] -- Installing: /home/dministrator/myPro_c/ros2_ws/src/install/try_node/lib/try_node/publisher_node
[3.996s] -- Set non-toolchain portion of runtime path of "/home/dministrator/myPro_c/ros2_ws/src/install/try_node/lib/try_node/publisher_node" to ""
[3.996s] -- Installing: /home/dministrator/myPro_c/ros2_ws/src/install/try_node/lib/try_node/subscriber_node
[3.999s] -- Set non-toolchain portion of runtime path of "/home/dministrator/myPro_c/ros2_ws/src/install/try_node/lib/try_node/subscriber_node" to ""
[4.000s] -- Installing: /home/dministrator/myPro_c/ros2_ws/src/install/try_node/share/ament_index/resource_index/package_run_dependencies/try_node
[4.000s] -- Installing: /home/dministrator/myPro_c/ros2_ws/src/install/try_node/share/ament_index/resource_index/parent_prefix_path/try_node
[4.001s] -- Installing: /home/dministrator/myPro_c/ros2_ws/src/install/try_node/share/try_node/environment/ament_prefix_path.sh
[4.001s] -- Installing: /home/dministrator/myPro_c/ros2_ws/src/install/try_node/share/try_node/environment/ament_prefix_path.dsv
[4.001s] -- Installing: /home/dministrator/myPro_c/ros2_ws/src/install/try_node/share/try_node/environment/path.sh
[4.001s] -- Installing: /home/dministrator/myPro_c/ros2_ws/src/install/try_node/share/try_node/environment/path.dsv
[4.001s] -- Installing: /home/dministrator/myPro_c/ros2_ws/src/install/try_node/share/try_node/local_setup.bash
[4.001s] -- Installing: /home/dministrator/myPro_c/ros2_ws/src/install/try_node/share/try_node/local_setup.sh
[4.001s] -- Installing: /home/dministrator/myPro_c/ros2_ws/src/install/try_node/share/try_node/local_setup.zsh
[4.001s] -- Installing: /home/dministrator/myPro_c/ros2_ws/src/install/try_node/share/try_node/local_setup.dsv
[4.001s] -- Installing: /home/dministrator/myPro_c/ros2_ws/src/install/try_node/share/try_node/package.dsv
[4.001s] -- Installing: /home/dministrator/myPro_c/ros2_ws/src/install/try_node/share/ament_index/resource_index/packages/try_node
[4.002s] -- Installing: /home/dministrator/myPro_c/ros2_ws/src/install/try_node/share/try_node/cmake/try_nodeConfig.cmake
[4.003s] -- Installing: /home/dministrator/myPro_c/ros2_ws/src/install/try_node/share/try_node/cmake/try_nodeConfig-version.cmake
[4.003s] -- Installing: /home/dministrator/myPro_c/ros2_ws/src/install/try_node/share/try_node/package.xml
[4.005s] Invoked command in '/home/dministrator/myPro_c/ros2_ws/src/build/try_node' returned '0': CMAKE_PREFIX_PATH=${CMAKE_PREFIX_PATH}:/opt/ros/jazzy CONDA_PROMPT_MODIFIER=(base) /usr/bin/cmake --install /home/dministrator/myPro_c/ros2_ws/src/build/try_node
