[0.009s] Invoking command in '/home/dministrator/myPro_c/ros2_ws/src/build/try_node': CMAKE_PREFIX_PATH=${CMAKE_PREFIX_PATH}:/opt/ros/jazzy CONDA_PROMPT_MODIFIER=(base) /usr/bin/cmake /home/dministrator/myPro_c/ros2_ws/src/try_node -DCMAKE_INSTALL_PREFIX=/home/dministrator/myPro_c/ros2_ws/src/install/try_node
[0.021s] -- Found ament_cmake: 2.5.4 (/opt/ros/jazzy/share/ament_cmake/cmake)
[0.175s] -- Found rclcpp: 28.1.12 (/opt/ros/jazzy/share/rclcpp/cmake)
[0.232s] -- Found rosidl_generator_c: 4.6.6 (/opt/ros/jazzy/share/rosidl_generator_c/cmake)
[0.239s] -- Found rosidl_generator_cpp: 4.6.6 (/opt/ros/jazzy/share/rosidl_generator_cpp/cmake)
[0.248s] -- Using all available rosidl_typesupport_c: rosidl_typesupport_fastrtps_c;rosidl_typesupport_introspection_c
[0.257s] -- Using all available rosidl_typesupport_cpp: rosidl_typesupport_fastrtps_cpp;rosidl_typesupport_introspection_cpp
[0.299s] -- Found rmw_implementation_cmake: 7.3.2 (/opt/ros/jazzy/share/rmw_implementation_cmake/cmake)
[0.300s] -- Found rmw_fastrtps_cpp: 8.4.3 (/opt/ros/jazzy/share/rmw_fastrtps_cpp/cmake)
[0.388s] -- Using RMW implementation 'rmw_fastrtps_cpp' as default
[0.461s] -- Found std_msgs: 5.3.6 (/opt/ros/jazzy/share/std_msgs/cmake)
[0.472s] -- Found ament_lint_auto: 0.17.3 (/opt/ros/jazzy/share/ament_lint_auto/cmake)
[0.553s] -- Added test 'copyright' to check source files copyright and LICENSE
[0.554s] -- Added test 'cppcheck' to perform static code analysis on C / C++ code
[0.554s] -- Configured cppcheck include dirs: 
[0.554s] -- Configured cppcheck exclude dirs and/or files: 
[0.555s] -- Added test 'cpplint' to check C / C++ code against the Google style
[0.555s] -- Configured cpplint exclude dirs and/or files: 
[0.555s] -- Added test 'lint_cmake' to check CMake code style
[0.556s] -- Added test 'uncrustify' to check C / C++ code style
[0.556s] -- Configured uncrustify additional arguments: 
[0.557s] -- Added test 'xmllint' to check XML markup files
[0.558s] -- Configuring done (0.5s)
[0.560s] [31mCMake Error at CMakeLists.txt:14 (add_executable):
[0.560s]   Cannot find source file:
[0.560s] 
[0.560s]     src/publisher_node.cpp
[0.560s] 
[0.560s]   Tried extensions .c .C .c++ .cc .cpp .cxx .cu .mpp .m .M .mm .ixx .cppm
[0.560s]   .ccm .cxxm .c++m .h .hh .h++ .hm .hpp .hxx .in .txx .f .F .for .f77 .f90
[0.560s]   .f95 .f03 .hip .ispc
[0.560s] 
[0.560s] [0m
[0.562s] [31mCMake Error at CMakeLists.txt:14 (add_executable):
[0.562s]   No SOURCES given to target: publisher_node
[0.562s] 
[0.562s] [0m
[0.562s] [0mCMake Generate step failed.  Build files cannot be regenerated correctly.[0m
[0.568s] Invoked command in '/home/dministrator/myPro_c/ros2_ws/src/build/try_node' returned '1': CMAKE_PREFIX_PATH=${CMAKE_PREFIX_PATH}:/opt/ros/jazzy CONDA_PROMPT_MODIFIER=(base) /usr/bin/cmake /home/dministrator/myPro_c/ros2_ws/src/try_node -DCMAKE_INSTALL_PREFIX=/home/dministrator/myPro_c/ros2_ws/src/install/try_node
