[0.009s] Invoking command in '/home/dministrator/myPro_c/ros2_ws/build/try_node': CMAKE_PREFIX_PATH=${CMAKE_PREFIX_PATH}:/opt/ros/jazzy CONDA_PROMPT_MODIFIER=(base) /usr/bin/cmake --build /home/dministrator/myPro_c/ros2_ws/build/try_node -- -j16 -l16
[0.029s] -- Found ament_cmake: 2.5.4 (/opt/ros/jazzy/share/ament_cmake/cmake)
[0.169s] -- Found rclcpp: 28.1.12 (/opt/ros/jazzy/share/rclcpp/cmake)
[0.227s] -- Found rosidl_generator_c: 4.6.6 (/opt/ros/jazzy/share/rosidl_generator_c/cmake)
[0.233s] -- Found rosidl_generator_cpp: 4.6.6 (/opt/ros/jazzy/share/rosidl_generator_cpp/cmake)
[0.240s] -- Using all available rosidl_typesupport_c: rosidl_typesupport_fastrtps_c;rosidl_typesupport_introspection_c
[0.250s] -- Using all available rosidl_typesupport_cpp: rosidl_typesupport_fastrtps_cpp;rosidl_typesupport_introspection_cpp
[0.295s] -- Found rmw_implementation_cmake: 7.3.2 (/opt/ros/jazzy/share/rmw_implementation_cmake/cmake)
[0.297s] -- Found rmw_fastrtps_cpp: 8.4.3 (/opt/ros/jazzy/share/rmw_fastrtps_cpp/cmake)
[0.399s] -- Using RMW implementation 'rmw_fastrtps_cpp' as default
[0.492s] -- Found std_msgs: 5.3.6 (/opt/ros/jazzy/share/std_msgs/cmake)
[0.503s] -- Found ament_lint_auto: 0.17.3 (/opt/ros/jazzy/share/ament_lint_auto/cmake)
[0.577s] -- Added test 'copyright' to check source files copyright and LICENSE
[0.577s] -- Added test 'cppcheck' to perform static code analysis on C / C++ code
[0.577s] -- Configured cppcheck include dirs: 
[0.578s] -- Configured cppcheck exclude dirs and/or files: 
[0.578s] -- Added test 'cpplint' to check C / C++ code against the Google style
[0.579s] -- Configured cpplint exclude dirs and/or files: 
[0.579s] -- Added test 'lint_cmake' to check CMake code style
[0.579s] -- Added test 'uncrustify' to check C / C++ code style
[0.580s] -- Configured uncrustify additional arguments: 
[0.580s] -- Added test 'xmllint' to check XML markup files
[0.580s] -- Configuring done (0.6s)
[0.591s] -- Generating done (0.0s)
[0.594s] -- Build files have been written to: /home/dministrator/myPro_c/ros2_ws/build/try_node
[0.619s] [ 50%] [32mBuilding CXX object CMakeFiles/learn_functional.dir/src/learn_functional.cpp.o[0m
[0.619s] [ 50%] [32mBuilding CXX object CMakeFiles/publisher_node.dir/src/publisher_node.cpp.o[0m
[0.619s] [ 50%] [32mBuilding CXX object CMakeFiles/subscriber_node.dir/src/subscribe_node.cpp.o[0m
[0.984s] [ 66%] [32m[1mLinking CXX executable learn_functional[0m
[1.064s] [ 66%] Built target learn_functional
[4.411s] [ 83%] [32m[1mLinking CXX executable publisher_node[0m
[4.630s] [ 83%] Built target publisher_node
[6.620s] [100%] [32m[1mLinking CXX executable subscriber_node[0m
[6.817s] [100%] Built target subscriber_node
