[0.098s] DEBUG:colcon:Command line arguments: ['/usr/bin/colcon', 'build']
[0.098s] DEBUG:colcon:Parsed command line arguments: Namespace(log_base=None, log_level=None, verb_name='build', build_base='build', install_base='install', merge_install=False, symlink_install=False, test_result_base=None, continue_on_error=False, executor='parallel', parallel_workers=16, event_handlers=None, ignore_user_meta=False, metas=['./colcon.meta'], base_paths=['.'], packages_ignore=None, packages_ignore_regex=None, paths=None, packages_up_to=None, packages_up_to_regex=None, packages_above=None, packages_above_and_dependencies=None, packages_above_depth=None, packages_select_by_dep=None, packages_skip_by_dep=None, packages_skip_up_to=None, packages_select_build_failed=False, packages_skip_build_finished=False, packages_select_test_failures=False, packages_skip_test_passed=False, packages_select=None, packages_skip=None, packages_select_regex=None, packages_skip_regex=None, packages_start=None, packages_end=None, allow_overriding=[], cmake_args=None, cmake_target=None, cmake_target_skip_unavailable=False, cmake_clean_cache=False, cmake_clean_first=False, cmake_force_configure=False, ament_cmake_args=None, catkin_cmake_args=None, catkin_skip_building_tests=False, verb_parser=<colcon_defaults.argument_parser.defaults.DefaultArgumentsDecorator object at 0x7f722ab66fc0>, verb_extension=<colcon_core.verb.build.BuildVerb object at 0x7f722ab66cf0>, main=<bound method BuildVerb.main of <colcon_core.verb.build.BuildVerb object at 0x7f722ab66cf0>>)
[0.126s] Level 1:colcon.colcon_core.package_discovery:discover_packages(colcon_meta) check parameters
[0.126s] Level 1:colcon.colcon_core.package_discovery:discover_packages(recursive) check parameters
[0.126s] Level 1:colcon.colcon_core.package_discovery:discover_packages(ignore) check parameters
[0.126s] Level 1:colcon.colcon_core.package_discovery:discover_packages(path) check parameters
[0.126s] Level 1:colcon.colcon_core.package_discovery:discover_packages(colcon_meta) discover
[0.126s] Level 1:colcon.colcon_core.package_discovery:discover_packages(recursive) discover
[0.126s] INFO:colcon.colcon_core.package_discovery:Crawling recursively for packages in '/home/dministrator/myPro_c/ros2_ws'
[0.127s] Level 1:colcon.colcon_core.package_identification:_identify(.) by extensions ['ignore', 'ignore_ament_install']
[0.127s] Level 1:colcon.colcon_core.package_identification:_identify(.) by extension 'ignore'
[0.127s] Level 1:colcon.colcon_core.package_identification:_identify(.) by extension 'ignore_ament_install'
[0.127s] Level 1:colcon.colcon_core.package_identification:_identify(.) by extensions ['colcon_pkg']
[0.127s] Level 1:colcon.colcon_core.package_identification:_identify(.) by extension 'colcon_pkg'
[0.127s] Level 1:colcon.colcon_core.package_identification:_identify(.) by extensions ['colcon_meta']
[0.127s] Level 1:colcon.colcon_core.package_identification:_identify(.) by extension 'colcon_meta'
[0.127s] Level 1:colcon.colcon_core.package_identification:_identify(.) by extensions ['ros']
[0.127s] Level 1:colcon.colcon_core.package_identification:_identify(.) by extension 'ros'
[0.144s] Level 1:colcon.colcon_core.package_identification:_identify(.) by extensions ['cmake', 'python']
[0.144s] Level 1:colcon.colcon_core.package_identification:_identify(.) by extension 'cmake'
[0.144s] Level 1:colcon.colcon_core.package_identification:_identify(.) by extension 'python'
[0.144s] Level 1:colcon.colcon_core.package_identification:_identify(.) by extensions ['python_setup_py']
[0.144s] Level 1:colcon.colcon_core.package_identification:_identify(.) by extension 'python_setup_py'
[0.144s] Level 1:colcon.colcon_core.package_identification:_identify(build) by extensions ['ignore', 'ignore_ament_install']
[0.144s] Level 1:colcon.colcon_core.package_identification:_identify(build) by extension 'ignore'
[0.144s] Level 1:colcon.colcon_core.package_identification:_identify(build) ignored
[0.144s] Level 1:colcon.colcon_core.package_identification:_identify(install) by extensions ['ignore', 'ignore_ament_install']
[0.145s] Level 1:colcon.colcon_core.package_identification:_identify(install) by extension 'ignore'
[0.145s] Level 1:colcon.colcon_core.package_identification:_identify(install) ignored
[0.145s] Level 1:colcon.colcon_core.package_identification:_identify(learnNote) by extensions ['ignore', 'ignore_ament_install']
[0.145s] Level 1:colcon.colcon_core.package_identification:_identify(learnNote) by extension 'ignore'
[0.145s] Level 1:colcon.colcon_core.package_identification:_identify(learnNote) by extension 'ignore_ament_install'
[0.145s] Level 1:colcon.colcon_core.package_identification:_identify(learnNote) by extensions ['colcon_pkg']
[0.145s] Level 1:colcon.colcon_core.package_identification:_identify(learnNote) by extension 'colcon_pkg'
[0.145s] Level 1:colcon.colcon_core.package_identification:_identify(learnNote) by extensions ['colcon_meta']
[0.145s] Level 1:colcon.colcon_core.package_identification:_identify(learnNote) by extension 'colcon_meta'
[0.145s] Level 1:colcon.colcon_core.package_identification:_identify(learnNote) by extensions ['ros']
[0.145s] Level 1:colcon.colcon_core.package_identification:_identify(learnNote) by extension 'ros'
[0.145s] Level 1:colcon.colcon_core.package_identification:_identify(learnNote) by extensions ['cmake', 'python']
[0.145s] Level 1:colcon.colcon_core.package_identification:_identify(learnNote) by extension 'cmake'
[0.145s] Level 1:colcon.colcon_core.package_identification:_identify(learnNote) by extension 'python'
[0.145s] Level 1:colcon.colcon_core.package_identification:_identify(learnNote) by extensions ['python_setup_py']
[0.145s] Level 1:colcon.colcon_core.package_identification:_identify(learnNote) by extension 'python_setup_py'
[0.145s] Level 1:colcon.colcon_core.package_identification:_identify(log) by extensions ['ignore', 'ignore_ament_install']
[0.145s] Level 1:colcon.colcon_core.package_identification:_identify(log) by extension 'ignore'
[0.145s] Level 1:colcon.colcon_core.package_identification:_identify(log) ignored
[0.145s] Level 1:colcon.colcon_core.package_identification:_identify(src) by extensions ['ignore', 'ignore_ament_install']
[0.145s] Level 1:colcon.colcon_core.package_identification:_identify(src) by extension 'ignore'
[0.145s] Level 1:colcon.colcon_core.package_identification:_identify(src) by extension 'ignore_ament_install'
[0.145s] Level 1:colcon.colcon_core.package_identification:_identify(src) by extensions ['colcon_pkg']
[0.145s] Level 1:colcon.colcon_core.package_identification:_identify(src) by extension 'colcon_pkg'
[0.145s] Level 1:colcon.colcon_core.package_identification:_identify(src) by extensions ['colcon_meta']
[0.145s] Level 1:colcon.colcon_core.package_identification:_identify(src) by extension 'colcon_meta'
[0.145s] Level 1:colcon.colcon_core.package_identification:_identify(src) by extensions ['ros']
[0.145s] Level 1:colcon.colcon_core.package_identification:_identify(src) by extension 'ros'
[0.145s] Level 1:colcon.colcon_core.package_identification:_identify(src) by extensions ['cmake', 'python']
[0.145s] Level 1:colcon.colcon_core.package_identification:_identify(src) by extension 'cmake'
[0.145s] Level 1:colcon.colcon_core.package_identification:_identify(src) by extension 'python'
[0.145s] Level 1:colcon.colcon_core.package_identification:_identify(src) by extensions ['python_setup_py']
[0.145s] Level 1:colcon.colcon_core.package_identification:_identify(src) by extension 'python_setup_py'
[0.146s] Level 1:colcon.colcon_core.package_identification:_identify(src/build) by extensions ['ignore', 'ignore_ament_install']
[0.146s] Level 1:colcon.colcon_core.package_identification:_identify(src/build) by extension 'ignore'
[0.146s] Level 1:colcon.colcon_core.package_identification:_identify(src/build) ignored
[0.146s] Level 1:colcon.colcon_core.package_identification:_identify(src/install) by extensions ['ignore', 'ignore_ament_install']
[0.146s] Level 1:colcon.colcon_core.package_identification:_identify(src/install) by extension 'ignore'
[0.146s] Level 1:colcon.colcon_core.package_identification:_identify(src/install) by extension 'ignore_ament_install'
[0.146s] Level 1:colcon.colcon_core.package_identification:_identify(src/install) by extensions ['colcon_pkg']
[0.146s] Level 1:colcon.colcon_core.package_identification:_identify(src/install) by extension 'colcon_pkg'
[0.146s] Level 1:colcon.colcon_core.package_identification:_identify(src/install) by extensions ['colcon_meta']
[0.146s] Level 1:colcon.colcon_core.package_identification:_identify(src/install) by extension 'colcon_meta'
[0.146s] Level 1:colcon.colcon_core.package_identification:_identify(src/install) by extensions ['ros']
[0.146s] Level 1:colcon.colcon_core.package_identification:_identify(src/install) by extension 'ros'
[0.146s] Level 1:colcon.colcon_core.package_identification:_identify(src/install) by extensions ['cmake', 'python']
[0.146s] Level 1:colcon.colcon_core.package_identification:_identify(src/install) by extension 'cmake'
[0.146s] Level 1:colcon.colcon_core.package_identification:_identify(src/install) by extension 'python'
[0.146s] Level 1:colcon.colcon_core.package_identification:_identify(src/install) by extensions ['python_setup_py']
[0.146s] Level 1:colcon.colcon_core.package_identification:_identify(src/install) by extension 'python_setup_py'
[0.146s] Level 1:colcon.colcon_core.package_identification:_identify(src/install/try_node) by extensions ['ignore', 'ignore_ament_install']
[0.146s] Level 1:colcon.colcon_core.package_identification:_identify(src/install/try_node) by extension 'ignore'
[0.146s] Level 1:colcon.colcon_core.package_identification:_identify(src/install/try_node) by extension 'ignore_ament_install'
[0.146s] Level 1:colcon.colcon_core.package_identification:_identify(src/install/try_node) by extensions ['colcon_pkg']
[0.146s] Level 1:colcon.colcon_core.package_identification:_identify(src/install/try_node) by extension 'colcon_pkg'
[0.146s] Level 1:colcon.colcon_core.package_identification:_identify(src/install/try_node) by extensions ['colcon_meta']
[0.146s] Level 1:colcon.colcon_core.package_identification:_identify(src/install/try_node) by extension 'colcon_meta'
[0.146s] Level 1:colcon.colcon_core.package_identification:_identify(src/install/try_node) by extensions ['ros']
[0.146s] Level 1:colcon.colcon_core.package_identification:_identify(src/install/try_node) by extension 'ros'
[0.146s] Level 1:colcon.colcon_core.package_identification:_identify(src/install/try_node) by extensions ['cmake', 'python']
[0.146s] Level 1:colcon.colcon_core.package_identification:_identify(src/install/try_node) by extension 'cmake'
[0.146s] Level 1:colcon.colcon_core.package_identification:_identify(src/install/try_node) by extension 'python'
[0.146s] Level 1:colcon.colcon_core.package_identification:_identify(src/install/try_node) by extensions ['python_setup_py']
[0.147s] Level 1:colcon.colcon_core.package_identification:_identify(src/install/try_node) by extension 'python_setup_py'
[0.147s] Level 1:colcon.colcon_core.package_identification:_identify(src/install/try_node/lib) by extensions ['ignore', 'ignore_ament_install']
[0.147s] Level 1:colcon.colcon_core.package_identification:_identify(src/install/try_node/lib) by extension 'ignore'
[0.147s] Level 1:colcon.colcon_core.package_identification:_identify(src/install/try_node/lib) by extension 'ignore_ament_install'
[0.147s] Level 1:colcon.colcon_core.package_identification:_identify(src/install/try_node/lib) by extensions ['colcon_pkg']
[0.147s] Level 1:colcon.colcon_core.package_identification:_identify(src/install/try_node/lib) by extension 'colcon_pkg'
[0.147s] Level 1:colcon.colcon_core.package_identification:_identify(src/install/try_node/lib) by extensions ['colcon_meta']
[0.147s] Level 1:colcon.colcon_core.package_identification:_identify(src/install/try_node/lib) by extension 'colcon_meta'
[0.147s] Level 1:colcon.colcon_core.package_identification:_identify(src/install/try_node/lib) by extensions ['ros']
[0.147s] Level 1:colcon.colcon_core.package_identification:_identify(src/install/try_node/lib) by extension 'ros'
[0.147s] Level 1:colcon.colcon_core.package_identification:_identify(src/install/try_node/lib) by extensions ['cmake', 'python']
[0.147s] Level 1:colcon.colcon_core.package_identification:_identify(src/install/try_node/lib) by extension 'cmake'
[0.147s] Level 1:colcon.colcon_core.package_identification:_identify(src/install/try_node/lib) by extension 'python'
[0.147s] Level 1:colcon.colcon_core.package_identification:_identify(src/install/try_node/lib) by extensions ['python_setup_py']
[0.147s] Level 1:colcon.colcon_core.package_identification:_identify(src/install/try_node/lib) by extension 'python_setup_py'
[0.147s] Level 1:colcon.colcon_core.package_identification:_identify(src/install/try_node/lib/try_node) by extensions ['ignore', 'ignore_ament_install']
[0.147s] Level 1:colcon.colcon_core.package_identification:_identify(src/install/try_node/lib/try_node) by extension 'ignore'
[0.147s] Level 1:colcon.colcon_core.package_identification:_identify(src/install/try_node/lib/try_node) by extension 'ignore_ament_install'
[0.147s] Level 1:colcon.colcon_core.package_identification:_identify(src/install/try_node/lib/try_node) by extensions ['colcon_pkg']
[0.147s] Level 1:colcon.colcon_core.package_identification:_identify(src/install/try_node/lib/try_node) by extension 'colcon_pkg'
[0.147s] Level 1:colcon.colcon_core.package_identification:_identify(src/install/try_node/lib/try_node) by extensions ['colcon_meta']
[0.147s] Level 1:colcon.colcon_core.package_identification:_identify(src/install/try_node/lib/try_node) by extension 'colcon_meta'
[0.147s] Level 1:colcon.colcon_core.package_identification:_identify(src/install/try_node/lib/try_node) by extensions ['ros']
[0.147s] Level 1:colcon.colcon_core.package_identification:_identify(src/install/try_node/lib/try_node) by extension 'ros'
[0.147s] Level 1:colcon.colcon_core.package_identification:_identify(src/install/try_node/lib/try_node) by extensions ['cmake', 'python']
[0.147s] Level 1:colcon.colcon_core.package_identification:_identify(src/install/try_node/lib/try_node) by extension 'cmake'
[0.147s] Level 1:colcon.colcon_core.package_identification:_identify(src/install/try_node/lib/try_node) by extension 'python'
[0.147s] Level 1:colcon.colcon_core.package_identification:_identify(src/install/try_node/lib/try_node) by extensions ['python_setup_py']
[0.147s] Level 1:colcon.colcon_core.package_identification:_identify(src/install/try_node/lib/try_node) by extension 'python_setup_py'
[0.147s] Level 1:colcon.colcon_core.package_identification:_identify(src/install/try_node/share) by extensions ['ignore', 'ignore_ament_install']
[0.147s] Level 1:colcon.colcon_core.package_identification:_identify(src/install/try_node/share) by extension 'ignore'
[0.147s] Level 1:colcon.colcon_core.package_identification:_identify(src/install/try_node/share) by extension 'ignore_ament_install'
[0.147s] Level 1:colcon.colcon_core.package_identification:_identify(src/install/try_node/share) by extensions ['colcon_pkg']
[0.148s] Level 1:colcon.colcon_core.package_identification:_identify(src/install/try_node/share) by extension 'colcon_pkg'
[0.148s] Level 1:colcon.colcon_core.package_identification:_identify(src/install/try_node/share) by extensions ['colcon_meta']
[0.148s] Level 1:colcon.colcon_core.package_identification:_identify(src/install/try_node/share) by extension 'colcon_meta'
[0.148s] Level 1:colcon.colcon_core.package_identification:_identify(src/install/try_node/share) by extensions ['ros']
[0.148s] Level 1:colcon.colcon_core.package_identification:_identify(src/install/try_node/share) by extension 'ros'
[0.148s] Level 1:colcon.colcon_core.package_identification:_identify(src/install/try_node/share) by extensions ['cmake', 'python']
[0.148s] Level 1:colcon.colcon_core.package_identification:_identify(src/install/try_node/share) by extension 'cmake'
[0.148s] Level 1:colcon.colcon_core.package_identification:_identify(src/install/try_node/share) by extension 'python'
[0.148s] Level 1:colcon.colcon_core.package_identification:_identify(src/install/try_node/share) by extensions ['python_setup_py']
[0.148s] Level 1:colcon.colcon_core.package_identification:_identify(src/install/try_node/share) by extension 'python_setup_py'
[0.148s] Level 1:colcon.colcon_core.package_identification:_identify(src/install/try_node/share/ament_index) by extensions ['ignore', 'ignore_ament_install']
[0.148s] Level 1:colcon.colcon_core.package_identification:_identify(src/install/try_node/share/ament_index) by extension 'ignore'
[0.148s] Level 1:colcon.colcon_core.package_identification:_identify(src/install/try_node/share/ament_index) by extension 'ignore_ament_install'
[0.148s] Level 1:colcon.colcon_core.package_identification:_identify(src/install/try_node/share/ament_index) by extensions ['colcon_pkg']
[0.148s] Level 1:colcon.colcon_core.package_identification:_identify(src/install/try_node/share/ament_index) by extension 'colcon_pkg'
[0.148s] Level 1:colcon.colcon_core.package_identification:_identify(src/install/try_node/share/ament_index) by extensions ['colcon_meta']
[0.148s] Level 1:colcon.colcon_core.package_identification:_identify(src/install/try_node/share/ament_index) by extension 'colcon_meta'
[0.148s] Level 1:colcon.colcon_core.package_identification:_identify(src/install/try_node/share/ament_index) by extensions ['ros']
[0.148s] Level 1:colcon.colcon_core.package_identification:_identify(src/install/try_node/share/ament_index) by extension 'ros'
[0.148s] Level 1:colcon.colcon_core.package_identification:_identify(src/install/try_node/share/ament_index) by extensions ['cmake', 'python']
[0.148s] Level 1:colcon.colcon_core.package_identification:_identify(src/install/try_node/share/ament_index) by extension 'cmake'
[0.148s] Level 1:colcon.colcon_core.package_identification:_identify(src/install/try_node/share/ament_index) by extension 'python'
[0.148s] Level 1:colcon.colcon_core.package_identification:_identify(src/install/try_node/share/ament_index) by extensions ['python_setup_py']
[0.148s] Level 1:colcon.colcon_core.package_identification:_identify(src/install/try_node/share/ament_index) by extension 'python_setup_py'
[0.148s] Level 1:colcon.colcon_core.package_identification:_identify(src/install/try_node/share/ament_index/resource_index) by extensions ['ignore', 'ignore_ament_install']
[0.148s] Level 1:colcon.colcon_core.package_identification:_identify(src/install/try_node/share/ament_index/resource_index) by extension 'ignore'
[0.148s] Level 1:colcon.colcon_core.package_identification:_identify(src/install/try_node/share/ament_index/resource_index) by extension 'ignore_ament_install'
[0.149s] Level 1:colcon.colcon_core.package_identification:_identify(src/install/try_node/share/ament_index/resource_index) by extensions ['colcon_pkg']
[0.149s] Level 1:colcon.colcon_core.package_identification:_identify(src/install/try_node/share/ament_index/resource_index) by extension 'colcon_pkg'
[0.149s] Level 1:colcon.colcon_core.package_identification:_identify(src/install/try_node/share/ament_index/resource_index) by extensions ['colcon_meta']
[0.149s] Level 1:colcon.colcon_core.package_identification:_identify(src/install/try_node/share/ament_index/resource_index) by extension 'colcon_meta'
[0.149s] Level 1:colcon.colcon_core.package_identification:_identify(src/install/try_node/share/ament_index/resource_index) by extensions ['ros']
[0.149s] Level 1:colcon.colcon_core.package_identification:_identify(src/install/try_node/share/ament_index/resource_index) by extension 'ros'
[0.149s] Level 1:colcon.colcon_core.package_identification:_identify(src/install/try_node/share/ament_index/resource_index) by extensions ['cmake', 'python']
[0.149s] Level 1:colcon.colcon_core.package_identification:_identify(src/install/try_node/share/ament_index/resource_index) by extension 'cmake'
[0.149s] Level 1:colcon.colcon_core.package_identification:_identify(src/install/try_node/share/ament_index/resource_index) by extension 'python'
[0.149s] Level 1:colcon.colcon_core.package_identification:_identify(src/install/try_node/share/ament_index/resource_index) by extensions ['python_setup_py']
[0.149s] Level 1:colcon.colcon_core.package_identification:_identify(src/install/try_node/share/ament_index/resource_index) by extension 'python_setup_py'
[0.149s] Level 1:colcon.colcon_core.package_identification:_identify(src/install/try_node/share/ament_index/resource_index/package_run_dependencies) by extensions ['ignore', 'ignore_ament_install']
[0.149s] Level 1:colcon.colcon_core.package_identification:_identify(src/install/try_node/share/ament_index/resource_index/package_run_dependencies) by extension 'ignore'
[0.149s] Level 1:colcon.colcon_core.package_identification:_identify(src/install/try_node/share/ament_index/resource_index/package_run_dependencies) by extension 'ignore_ament_install'
[0.149s] Level 1:colcon.colcon_core.package_identification:_identify(src/install/try_node/share/ament_index/resource_index/package_run_dependencies) by extensions ['colcon_pkg']
[0.149s] Level 1:colcon.colcon_core.package_identification:_identify(src/install/try_node/share/ament_index/resource_index/package_run_dependencies) by extension 'colcon_pkg'
[0.149s] Level 1:colcon.colcon_core.package_identification:_identify(src/install/try_node/share/ament_index/resource_index/package_run_dependencies) by extensions ['colcon_meta']
[0.149s] Level 1:colcon.colcon_core.package_identification:_identify(src/install/try_node/share/ament_index/resource_index/package_run_dependencies) by extension 'colcon_meta'
[0.149s] Level 1:colcon.colcon_core.package_identification:_identify(src/install/try_node/share/ament_index/resource_index/package_run_dependencies) by extensions ['ros']
[0.149s] Level 1:colcon.colcon_core.package_identification:_identify(src/install/try_node/share/ament_index/resource_index/package_run_dependencies) by extension 'ros'
[0.149s] Level 1:colcon.colcon_core.package_identification:_identify(src/install/try_node/share/ament_index/resource_index/package_run_dependencies) by extensions ['cmake', 'python']
[0.149s] Level 1:colcon.colcon_core.package_identification:_identify(src/install/try_node/share/ament_index/resource_index/package_run_dependencies) by extension 'cmake'
[0.149s] Level 1:colcon.colcon_core.package_identification:_identify(src/install/try_node/share/ament_index/resource_index/package_run_dependencies) by extension 'python'
[0.149s] Level 1:colcon.colcon_core.package_identification:_identify(src/install/try_node/share/ament_index/resource_index/package_run_dependencies) by extensions ['python_setup_py']
[0.149s] Level 1:colcon.colcon_core.package_identification:_identify(src/install/try_node/share/ament_index/resource_index/package_run_dependencies) by extension 'python_setup_py'
[0.149s] Level 1:colcon.colcon_core.package_identification:_identify(src/install/try_node/share/ament_index/resource_index/packages) by extensions ['ignore', 'ignore_ament_install']
[0.150s] Level 1:colcon.colcon_core.package_identification:_identify(src/install/try_node/share/ament_index/resource_index/packages) by extension 'ignore'
[0.150s] Level 1:colcon.colcon_core.package_identification:_identify(src/install/try_node/share/ament_index/resource_index/packages) by extension 'ignore_ament_install'
[0.150s] Level 1:colcon.colcon_core.package_identification:_identify(src/install/try_node/share/ament_index/resource_index/packages) by extensions ['colcon_pkg']
[0.150s] Level 1:colcon.colcon_core.package_identification:_identify(src/install/try_node/share/ament_index/resource_index/packages) by extension 'colcon_pkg'
[0.150s] Level 1:colcon.colcon_core.package_identification:_identify(src/install/try_node/share/ament_index/resource_index/packages) by extensions ['colcon_meta']
[0.150s] Level 1:colcon.colcon_core.package_identification:_identify(src/install/try_node/share/ament_index/resource_index/packages) by extension 'colcon_meta'
[0.150s] Level 1:colcon.colcon_core.package_identification:_identify(src/install/try_node/share/ament_index/resource_index/packages) by extensions ['ros']
[0.150s] Level 1:colcon.colcon_core.package_identification:_identify(src/install/try_node/share/ament_index/resource_index/packages) by extension 'ros'
[0.150s] Level 1:colcon.colcon_core.package_identification:_identify(src/install/try_node/share/ament_index/resource_index/packages) by extensions ['cmake', 'python']
[0.150s] Level 1:colcon.colcon_core.package_identification:_identify(src/install/try_node/share/ament_index/resource_index/packages) by extension 'cmake'
[0.150s] Level 1:colcon.colcon_core.package_identification:_identify(src/install/try_node/share/ament_index/resource_index/packages) by extension 'python'
[0.150s] Level 1:colcon.colcon_core.package_identification:_identify(src/install/try_node/share/ament_index/resource_index/packages) by extensions ['python_setup_py']
[0.150s] Level 1:colcon.colcon_core.package_identification:_identify(src/install/try_node/share/ament_index/resource_index/packages) by extension 'python_setup_py'
[0.150s] Level 1:colcon.colcon_core.package_identification:_identify(src/install/try_node/share/ament_index/resource_index/parent_prefix_path) by extensions ['ignore', 'ignore_ament_install']
[0.150s] Level 1:colcon.colcon_core.package_identification:_identify(src/install/try_node/share/ament_index/resource_index/parent_prefix_path) by extension 'ignore'
[0.150s] Level 1:colcon.colcon_core.package_identification:_identify(src/install/try_node/share/ament_index/resource_index/parent_prefix_path) by extension 'ignore_ament_install'
[0.150s] Level 1:colcon.colcon_core.package_identification:_identify(src/install/try_node/share/ament_index/resource_index/parent_prefix_path) by extensions ['colcon_pkg']
[0.150s] Level 1:colcon.colcon_core.package_identification:_identify(src/install/try_node/share/ament_index/resource_index/parent_prefix_path) by extension 'colcon_pkg'
[0.150s] Level 1:colcon.colcon_core.package_identification:_identify(src/install/try_node/share/ament_index/resource_index/parent_prefix_path) by extensions ['colcon_meta']
[0.150s] Level 1:colcon.colcon_core.package_identification:_identify(src/install/try_node/share/ament_index/resource_index/parent_prefix_path) by extension 'colcon_meta'
[0.150s] Level 1:colcon.colcon_core.package_identification:_identify(src/install/try_node/share/ament_index/resource_index/parent_prefix_path) by extensions ['ros']
[0.150s] Level 1:colcon.colcon_core.package_identification:_identify(src/install/try_node/share/ament_index/resource_index/parent_prefix_path) by extension 'ros'
[0.150s] Level 1:colcon.colcon_core.package_identification:_identify(src/install/try_node/share/ament_index/resource_index/parent_prefix_path) by extensions ['cmake', 'python']
[0.150s] Level 1:colcon.colcon_core.package_identification:_identify(src/install/try_node/share/ament_index/resource_index/parent_prefix_path) by extension 'cmake'
[0.150s] Level 1:colcon.colcon_core.package_identification:_identify(src/install/try_node/share/ament_index/resource_index/parent_prefix_path) by extension 'python'
[0.150s] Level 1:colcon.colcon_core.package_identification:_identify(src/install/try_node/share/ament_index/resource_index/parent_prefix_path) by extensions ['python_setup_py']
[0.150s] Level 1:colcon.colcon_core.package_identification:_identify(src/install/try_node/share/ament_index/resource_index/parent_prefix_path) by extension 'python_setup_py'
[0.150s] Level 1:colcon.colcon_core.package_identification:_identify(src/install/try_node/share/colcon-core) by extensions ['ignore', 'ignore_ament_install']
[0.150s] Level 1:colcon.colcon_core.package_identification:_identify(src/install/try_node/share/colcon-core) by extension 'ignore'
[0.151s] Level 1:colcon.colcon_core.package_identification:_identify(src/install/try_node/share/colcon-core) by extension 'ignore_ament_install'
[0.151s] Level 1:colcon.colcon_core.package_identification:_identify(src/install/try_node/share/colcon-core) by extensions ['colcon_pkg']
[0.151s] Level 1:colcon.colcon_core.package_identification:_identify(src/install/try_node/share/colcon-core) by extension 'colcon_pkg'
[0.151s] Level 1:colcon.colcon_core.package_identification:_identify(src/install/try_node/share/colcon-core) by extensions ['colcon_meta']
[0.151s] Level 1:colcon.colcon_core.package_identification:_identify(src/install/try_node/share/colcon-core) by extension 'colcon_meta'
[0.151s] Level 1:colcon.colcon_core.package_identification:_identify(src/install/try_node/share/colcon-core) by extensions ['ros']
[0.151s] Level 1:colcon.colcon_core.package_identification:_identify(src/install/try_node/share/colcon-core) by extension 'ros'
[0.151s] Level 1:colcon.colcon_core.package_identification:_identify(src/install/try_node/share/colcon-core) by extensions ['cmake', 'python']
[0.151s] Level 1:colcon.colcon_core.package_identification:_identify(src/install/try_node/share/colcon-core) by extension 'cmake'
[0.151s] Level 1:colcon.colcon_core.package_identification:_identify(src/install/try_node/share/colcon-core) by extension 'python'
[0.151s] Level 1:colcon.colcon_core.package_identification:_identify(src/install/try_node/share/colcon-core) by extensions ['python_setup_py']
[0.151s] Level 1:colcon.colcon_core.package_identification:_identify(src/install/try_node/share/colcon-core) by extension 'python_setup_py'
[0.151s] Level 1:colcon.colcon_core.package_identification:_identify(src/install/try_node/share/colcon-core/packages) by extensions ['ignore', 'ignore_ament_install']
[0.151s] Level 1:colcon.colcon_core.package_identification:_identify(src/install/try_node/share/colcon-core/packages) by extension 'ignore'
[0.151s] Level 1:colcon.colcon_core.package_identification:_identify(src/install/try_node/share/colcon-core/packages) by extension 'ignore_ament_install'
[0.151s] Level 1:colcon.colcon_core.package_identification:_identify(src/install/try_node/share/colcon-core/packages) by extensions ['colcon_pkg']
[0.151s] Level 1:colcon.colcon_core.package_identification:_identify(src/install/try_node/share/colcon-core/packages) by extension 'colcon_pkg'
[0.151s] Level 1:colcon.colcon_core.package_identification:_identify(src/install/try_node/share/colcon-core/packages) by extensions ['colcon_meta']
[0.151s] Level 1:colcon.colcon_core.package_identification:_identify(src/install/try_node/share/colcon-core/packages) by extension 'colcon_meta'
[0.151s] Level 1:colcon.colcon_core.package_identification:_identify(src/install/try_node/share/colcon-core/packages) by extensions ['ros']
[0.151s] Level 1:colcon.colcon_core.package_identification:_identify(src/install/try_node/share/colcon-core/packages) by extension 'ros'
[0.151s] Level 1:colcon.colcon_core.package_identification:_identify(src/install/try_node/share/colcon-core/packages) by extensions ['cmake', 'python']
[0.151s] Level 1:colcon.colcon_core.package_identification:_identify(src/install/try_node/share/colcon-core/packages) by extension 'cmake'
[0.151s] Level 1:colcon.colcon_core.package_identification:_identify(src/install/try_node/share/colcon-core/packages) by extension 'python'
[0.151s] Level 1:colcon.colcon_core.package_identification:_identify(src/install/try_node/share/colcon-core/packages) by extensions ['python_setup_py']
[0.151s] Level 1:colcon.colcon_core.package_identification:_identify(src/install/try_node/share/colcon-core/packages) by extension 'python_setup_py'
[0.151s] Level 1:colcon.colcon_core.package_identification:_identify(src/install/try_node/share/try_node) by extensions ['ignore', 'ignore_ament_install']
[0.151s] Level 1:colcon.colcon_core.package_identification:_identify(src/install/try_node/share/try_node) by extension 'ignore'
[0.151s] Level 1:colcon.colcon_core.package_identification:_identify(src/install/try_node/share/try_node) by extension 'ignore_ament_install'
[0.151s] Level 1:colcon.colcon_core.package_identification:_identify(src/install/try_node/share/try_node) by extensions ['colcon_pkg']
[0.151s] Level 1:colcon.colcon_core.package_identification:_identify(src/install/try_node/share/try_node) by extension 'colcon_pkg'
[0.151s] Level 1:colcon.colcon_core.package_identification:_identify(src/install/try_node/share/try_node) by extensions ['colcon_meta']
[0.151s] Level 1:colcon.colcon_core.package_identification:_identify(src/install/try_node/share/try_node) by extension 'colcon_meta'
[0.151s] Level 1:colcon.colcon_core.package_identification:_identify(src/install/try_node/share/try_node) by extensions ['ros']
[0.152s] Level 1:colcon.colcon_core.package_identification:_identify(src/install/try_node/share/try_node) by extension 'ros'
[0.154s] DEBUG:colcon.colcon_core.package_identification:Package 'src/install/try_node/share/try_node' with type 'ros.ament_cmake' and name 'try_node'
[0.154s] Level 1:colcon.colcon_core.package_identification:_identify(src/log) by extensions ['ignore', 'ignore_ament_install']
[0.154s] Level 1:colcon.colcon_core.package_identification:_identify(src/log) by extension 'ignore'
[0.154s] Level 1:colcon.colcon_core.package_identification:_identify(src/log) ignored
[0.154s] Level 1:colcon.colcon_core.package_identification:_identify(src/try_node) by extensions ['ignore', 'ignore_ament_install']
[0.154s] Level 1:colcon.colcon_core.package_identification:_identify(src/try_node) by extension 'ignore'
[0.154s] Level 1:colcon.colcon_core.package_identification:_identify(src/try_node) by extension 'ignore_ament_install'
[0.154s] Level 1:colcon.colcon_core.package_identification:_identify(src/try_node) by extensions ['colcon_pkg']
[0.154s] Level 1:colcon.colcon_core.package_identification:_identify(src/try_node) by extension 'colcon_pkg'
[0.154s] Level 1:colcon.colcon_core.package_identification:_identify(src/try_node) by extensions ['colcon_meta']
[0.154s] Level 1:colcon.colcon_core.package_identification:_identify(src/try_node) by extension 'colcon_meta'
[0.154s] Level 1:colcon.colcon_core.package_identification:_identify(src/try_node) by extensions ['ros']
[0.154s] Level 1:colcon.colcon_core.package_identification:_identify(src/try_node) by extension 'ros'
[0.155s] DEBUG:colcon.colcon_core.package_identification:Package 'src/try_node' with type 'ros.ament_cmake' and name 'try_node'
[0.155s] Level 1:colcon.colcon_core.package_discovery:discover_packages(recursive) using defaults
[0.155s] Level 1:colcon.colcon_core.package_discovery:discover_packages(ignore) discover
[0.155s] Level 1:colcon.colcon_core.package_discovery:discover_packages(ignore) using defaults
[0.155s] Level 1:colcon.colcon_core.package_discovery:discover_packages(path) discover
[0.155s] Level 1:colcon.colcon_core.package_discovery:discover_packages(path) using defaults
[0.167s] Level 1:colcon.colcon_core.package_discovery:discover_packages(prefix_path) check parameters
[0.167s] Level 1:colcon.colcon_core.package_discovery:discover_packages(prefix_path) discover
[0.169s] DEBUG:colcon.colcon_installed_package_information.package_discovery:Found 285 installed packages in /opt/ros/jazzy
[0.169s] Level 1:colcon.colcon_core.package_discovery:discover_packages(prefix_path) using defaults
[0.193s] ERROR:colcon:colcon build: Duplicate package names not supported:
- try_node:
  - src/install/try_node/share/try_node
  - src/try_node
