-- Found ament_cmake: 2.5.4 (/opt/ros/jazzy/share/ament_cmake/cmake)
-- Found rclcpp: 28.1.12 (/opt/ros/jazzy/share/rclcpp/cmake)
-- Found rosidl_generator_c: 4.6.6 (/opt/ros/jazzy/share/rosidl_generator_c/cmake)
-- Found rosidl_generator_cpp: 4.6.6 (/opt/ros/jazzy/share/rosidl_generator_cpp/cmake)
-- Using all available rosidl_typesupport_c: rosidl_typesupport_fastrtps_c;rosidl_typesupport_introspection_c
-- Using all available rosidl_typesupport_cpp: rosidl_typesupport_fastrtps_cpp;rosidl_typesupport_introspection_cpp
-- Found rmw_implementation_cmake: 7.3.2 (/opt/ros/jazzy/share/rmw_implementation_cmake/cmake)
-- Found rmw_fastrtps_cpp: 8.4.3 (/opt/ros/jazzy/share/rmw_fastrtps_cpp/cmake)
-- Using RMW implementation 'rmw_fastrtps_cpp' as default
-- Found std_msgs: 5.3.6 (/opt/ros/jazzy/share/std_msgs/cmake)
-- Found ament_lint_auto: 0.17.3 (/opt/ros/jazzy/share/ament_lint_auto/cmake)
-- Added test 'cppcheck' to perform static code analysis on C / C++ code
RegularExpression::compile(): Nested *?+.
RegularExpression::compile(): Error in compile.
[31mCMake Error at /opt/ros/jazzy/share/ament_cmake_cppcheck/cmake/ament_cmake_cppcheck_lint_hook.cmake:73 (string):
  string sub-command REGEX, mode MATCH failed to compile regex
  "^/home/dministrator/myPro_c++/ros2_ws/src/new_node/.*".
Call Stack (most recent call first):
  /opt/ros/jazzy/share/ament_cmake_core/cmake/core/ament_execute_extensions.cmake:48 (include)
  /opt/ros/jazzy/share/ament_lint_auto/cmake/ament_lint_auto_package_hook.cmake:21 (ament_execute_extensions)
  /opt/ros/jazzy/share/ament_cmake_core/cmake/core/ament_execute_extensions.cmake:48 (include)
  /opt/ros/jazzy/share/ament_cmake_core/cmake/core/ament_package.cmake:66 (ament_execute_extensions)
  CMakeLists.txt:25 (ament_package)

[0m
[31mCMake Error at /opt/ros/jazzy/share/ament_cmake_cppcheck/cmake/ament_cmake_cppcheck_lint_hook.cmake:75 (string):
  string sub-command REGEX, mode MATCH failed to compile regex
  "^\$<.*:/home/dministrator/myPro_c++/ros2_ws/src/new_node/.*>$".
Call Stack (most recent call first):
  /opt/ros/jazzy/share/ament_cmake_core/cmake/core/ament_execute_extensions.cmake:48 (include)
  /opt/ros/jazzy/share/ament_lint_auto/cmake/ament_lint_auto_package_hook.cmake:21 (ament_execute_extensions)
  /opt/ros/jazzy/share/ament_cmake_core/cmake/core/ament_execute_extensions.cmake:48 (include)
  /opt/ros/jazzy/share/ament_cmake_core/cmake/core/ament_package.cmake:66 (ament_execute_extensions)
  CMakeLists.txt:25 (ament_package)

[0m
RegularExpression::compile(): Nested *?+.
RegularExpression::compile(): Error in compile.
RegularExpression::compile(): Nested *?+.
RegularExpression::compile(): Error in compile.
RegularExpression::compile(): Nested *?+.
RegularExpression::compile(): Error in compile.
-- Configured cppcheck include dirs: 
-- Configured cppcheck exclude dirs and/or files: 
[31mCMake Error at /opt/ros/jazzy/share/ament_cmake_cppcheck/cmake/ament_cmake_cppcheck_lint_hook.cmake:73 (string):
  string sub-command REGEX, mode MATCH failed to compile regex
  "^/home/dministrator/myPro_c++/ros2_ws/src/new_node/.*".
Call Stack (most recent call first):
  /opt/ros/jazzy/share/ament_cmake_core/cmake/core/ament_execute_extensions.cmake:48 (include)
  /opt/ros/jazzy/share/ament_lint_auto/cmake/ament_lint_auto_package_hook.cmake:21 (ament_execute_extensions)
  /opt/ros/jazzy/share/ament_cmake_core/cmake/core/ament_execute_extensions.cmake:48 (include)
  /opt/ros/jazzy/share/ament_cmake_core/cmake/core/ament_package.cmake:66 (ament_execute_extensions)
  CMakeLists.txt:25 (ament_package)

[0m
[31mCMake Error at /opt/ros/jazzy/share/ament_cmake_cppcheck/cmake/ament_cmake_cppcheck_lint_hook.cmake:75 (string):
  string sub-command REGEX, mode MATCH failed to compile regex
  "^\$<.*:/home/dministrator/myPro_c++/ros2_ws/src/new_node/.*>$".
Call Stack (most recent call first):
  /opt/ros/jazzy/share/ament_cmake_core/cmake/core/ament_execute_extensions.cmake:48 (include)
  /opt/ros/jazzy/share/ament_lint_auto/cmake/ament_lint_auto_package_hook.cmake:21 (ament_execute_extensions)
  /opt/ros/jazzy/share/ament_cmake_core/cmake/core/ament_execute_extensions.cmake:48 (include)
  /opt/ros/jazzy/share/ament_cmake_core/cmake/core/ament_package.cmake:66 (ament_execute_extensions)
  CMakeLists.txt:25 (ament_package)

[0m
-- Added test 'lint_cmake' to check CMake code style
-- Added test 'uncrustify' to check C / C++ code style
-- Configured uncrustify additional arguments: 
-- Added test 'xmllint' to check XML markup files
-- Configuring incomplete, errors occurred!
