[0.112s] DEBUG:colcon:Command line arguments: ['/usr/bin/colcon', 'build', '--packages-select', 'try_node']
[0.112s] DEBUG:colcon:Parsed command line arguments: Namespace(log_base=None, log_level=None, verb_name='build', build_base='build', install_base='install', merge_install=False, symlink_install=False, test_result_base=None, continue_on_error=False, executor='parallel', parallel_workers=16, event_handlers=None, ignore_user_meta=False, metas=['./colcon.meta'], base_paths=['.'], packages_ignore=None, packages_ignore_regex=None, paths=None, packages_up_to=None, packages_up_to_regex=None, packages_above=None, packages_above_and_dependencies=None, packages_above_depth=None, packages_select_by_dep=None, packages_skip_by_dep=None, packages_skip_up_to=None, packages_select_build_failed=False, packages_skip_build_finished=False, packages_select_test_failures=False, packages_skip_test_passed=False, packages_select=['try_node'], packages_skip=None, packages_select_regex=None, packages_skip_regex=None, packages_start=None, packages_end=None, allow_overriding=[], cmake_args=None, cmake_target=None, cmake_target_skip_unavailable=False, cmake_clean_cache=False, cmake_clean_first=False, cmake_force_configure=False, ament_cmake_args=None, catkin_cmake_args=None, catkin_skip_building_tests=False, verb_parser=<colcon_defaults.argument_parser.defaults.DefaultArgumentsDecorator object at 0x748796d67050>, verb_extension=<colcon_core.verb.build.BuildVerb object at 0x748796d66e40>, main=<bound method BuildVerb.main of <colcon_core.verb.build.BuildVerb object at 0x748796d66e40>>)
[0.146s] Level 1:colcon.colcon_core.package_discovery:discover_packages(colcon_meta) check parameters
[0.146s] Level 1:colcon.colcon_core.package_discovery:discover_packages(recursive) check parameters
[0.146s] Level 1:colcon.colcon_core.package_discovery:discover_packages(ignore) check parameters
[0.146s] Level 1:colcon.colcon_core.package_discovery:discover_packages(path) check parameters
[0.146s] Level 1:colcon.colcon_core.package_discovery:discover_packages(colcon_meta) discover
[0.147s] Level 1:colcon.colcon_core.package_discovery:discover_packages(recursive) discover
[0.147s] INFO:colcon.colcon_core.package_discovery:Crawling recursively for packages in '/home/dministrator/myPro_c/ros2_ws/src'
[0.147s] Level 1:colcon.colcon_core.package_identification:_identify(.) by extensions ['ignore', 'ignore_ament_install']
[0.147s] Level 1:colcon.colcon_core.package_identification:_identify(.) by extension 'ignore'
[0.147s] Level 1:colcon.colcon_core.package_identification:_identify(.) by extension 'ignore_ament_install'
[0.147s] Level 1:colcon.colcon_core.package_identification:_identify(.) by extensions ['colcon_pkg']
[0.147s] Level 1:colcon.colcon_core.package_identification:_identify(.) by extension 'colcon_pkg'
[0.147s] Level 1:colcon.colcon_core.package_identification:_identify(.) by extensions ['colcon_meta']
[0.147s] Level 1:colcon.colcon_core.package_identification:_identify(.) by extension 'colcon_meta'
[0.147s] Level 1:colcon.colcon_core.package_identification:_identify(.) by extensions ['ros']
[0.147s] Level 1:colcon.colcon_core.package_identification:_identify(.) by extension 'ros'
[0.168s] Level 1:colcon.colcon_core.package_identification:_identify(.) by extensions ['cmake', 'python']
[0.168s] Level 1:colcon.colcon_core.package_identification:_identify(.) by extension 'cmake'
[0.168s] Level 1:colcon.colcon_core.package_identification:_identify(.) by extension 'python'
[0.168s] Level 1:colcon.colcon_core.package_identification:_identify(.) by extensions ['python_setup_py']
[0.168s] Level 1:colcon.colcon_core.package_identification:_identify(.) by extension 'python_setup_py'
[0.168s] Level 1:colcon.colcon_core.package_identification:_identify(build) by extensions ['ignore', 'ignore_ament_install']
[0.168s] Level 1:colcon.colcon_core.package_identification:_identify(build) by extension 'ignore'
[0.168s] Level 1:colcon.colcon_core.package_identification:_identify(build) ignored
[0.168s] Level 1:colcon.colcon_core.package_identification:_identify(install) by extensions ['ignore', 'ignore_ament_install']
[0.168s] Level 1:colcon.colcon_core.package_identification:_identify(install) by extension 'ignore'
[0.169s] Level 1:colcon.colcon_core.package_identification:_identify(install) ignored
[0.169s] Level 1:colcon.colcon_core.package_identification:_identify(log) by extensions ['ignore', 'ignore_ament_install']
[0.169s] Level 1:colcon.colcon_core.package_identification:_identify(log) by extension 'ignore'
[0.169s] Level 1:colcon.colcon_core.package_identification:_identify(log) ignored
[0.169s] Level 1:colcon.colcon_core.package_identification:_identify(test_node) by extensions ['ignore', 'ignore_ament_install']
[0.169s] Level 1:colcon.colcon_core.package_identification:_identify(test_node) by extension 'ignore'
[0.169s] Level 1:colcon.colcon_core.package_identification:_identify(test_node) by extension 'ignore_ament_install'
[0.169s] Level 1:colcon.colcon_core.package_identification:_identify(test_node) by extensions ['colcon_pkg']
[0.169s] Level 1:colcon.colcon_core.package_identification:_identify(test_node) by extension 'colcon_pkg'
[0.169s] Level 1:colcon.colcon_core.package_identification:_identify(test_node) by extensions ['colcon_meta']
[0.169s] Level 1:colcon.colcon_core.package_identification:_identify(test_node) by extension 'colcon_meta'
[0.169s] Level 1:colcon.colcon_core.package_identification:_identify(test_node) by extensions ['ros']
[0.169s] Level 1:colcon.colcon_core.package_identification:_identify(test_node) by extension 'ros'
[0.172s] DEBUG:colcon.colcon_core.package_identification:Package 'test_node' with type 'ros.ament_cmake' and name 'test_node'
[0.172s] Level 1:colcon.colcon_core.package_identification:_identify(try_node) by extensions ['ignore', 'ignore_ament_install']
[0.172s] Level 1:colcon.colcon_core.package_identification:_identify(try_node) by extension 'ignore'
[0.172s] Level 1:colcon.colcon_core.package_identification:_identify(try_node) by extension 'ignore_ament_install'
[0.172s] Level 1:colcon.colcon_core.package_identification:_identify(try_node) by extensions ['colcon_pkg']
[0.172s] Level 1:colcon.colcon_core.package_identification:_identify(try_node) by extension 'colcon_pkg'
[0.172s] Level 1:colcon.colcon_core.package_identification:_identify(try_node) by extensions ['colcon_meta']
[0.172s] Level 1:colcon.colcon_core.package_identification:_identify(try_node) by extension 'colcon_meta'
[0.172s] Level 1:colcon.colcon_core.package_identification:_identify(try_node) by extensions ['ros']
[0.172s] Level 1:colcon.colcon_core.package_identification:_identify(try_node) by extension 'ros'
[0.172s] DEBUG:colcon.colcon_core.package_identification:Package 'try_node' with type 'ros.ament_cmake' and name 'try_node'
[0.172s] Level 1:colcon.colcon_core.package_discovery:discover_packages(recursive) using defaults
[0.172s] Level 1:colcon.colcon_core.package_discovery:discover_packages(ignore) discover
[0.172s] Level 1:colcon.colcon_core.package_discovery:discover_packages(ignore) using defaults
[0.173s] Level 1:colcon.colcon_core.package_discovery:discover_packages(path) discover
[0.173s] Level 1:colcon.colcon_core.package_discovery:discover_packages(path) using defaults
[0.187s] INFO:colcon.colcon_core.package_selection:Skipping not selected package 'test_node' in 'test_node'
[0.187s] Level 1:colcon.colcon_core.package_discovery:discover_packages(prefix_path) check parameters
[0.187s] Level 1:colcon.colcon_core.package_discovery:discover_packages(prefix_path) discover
[0.188s] WARNING:colcon.colcon_ros.prefix_path.ament:The path '/home/dministrator/myPro_c/ros2_ws/install/new_node' in the environment variable AMENT_PREFIX_PATH doesn't exist
[0.188s] WARNING:colcon.colcon_ros.prefix_path.catkin:The path '/home/dministrator/myPro_c/ros2_ws/install/new_node' in the environment variable CMAKE_PREFIX_PATH doesn't exist
[0.188s] DEBUG:colcon.colcon_installed_package_information.package_discovery:Found 1 installed packages in /home/dministrator/myPro_c/ros2_ws/install
[0.189s] DEBUG:colcon.colcon_installed_package_information.package_discovery:Found 285 installed packages in /opt/ros/jazzy
[0.190s] Level 1:colcon.colcon_core.package_discovery:discover_packages(prefix_path) using defaults
[0.216s] Level 5:colcon.colcon_core.verb:set package 'try_node' build argument 'cmake_args' from command line to 'None'
[0.216s] Level 5:colcon.colcon_core.verb:set package 'try_node' build argument 'cmake_target' from command line to 'None'
[0.216s] Level 5:colcon.colcon_core.verb:set package 'try_node' build argument 'cmake_target_skip_unavailable' from command line to 'False'
[0.216s] Level 5:colcon.colcon_core.verb:set package 'try_node' build argument 'cmake_clean_cache' from command line to 'False'
[0.216s] Level 5:colcon.colcon_core.verb:set package 'try_node' build argument 'cmake_clean_first' from command line to 'False'
[0.216s] Level 5:colcon.colcon_core.verb:set package 'try_node' build argument 'cmake_force_configure' from command line to 'False'
[0.216s] Level 5:colcon.colcon_core.verb:set package 'try_node' build argument 'ament_cmake_args' from command line to 'None'
[0.216s] Level 5:colcon.colcon_core.verb:set package 'try_node' build argument 'catkin_cmake_args' from command line to 'None'
[0.216s] Level 5:colcon.colcon_core.verb:set package 'try_node' build argument 'catkin_skip_building_tests' from command line to 'False'
[0.216s] DEBUG:colcon.colcon_core.verb:Building package 'try_node' with the following arguments: {'ament_cmake_args': None, 'build_base': '/home/dministrator/myPro_c/ros2_ws/src/build/try_node', 'catkin_cmake_args': None, 'catkin_skip_building_tests': False, 'cmake_args': None, 'cmake_clean_cache': False, 'cmake_clean_first': False, 'cmake_force_configure': False, 'cmake_target': None, 'cmake_target_skip_unavailable': False, 'install_base': '/home/dministrator/myPro_c/ros2_ws/src/install/try_node', 'merge_install': False, 'path': '/home/dministrator/myPro_c/ros2_ws/src/try_node', 'symlink_install': False, 'test_result_base': None}
[0.216s] INFO:colcon.colcon_core.executor:Executing jobs using 'parallel' executor
[0.217s] DEBUG:colcon.colcon_parallel_executor.executor.parallel:run_until_complete
[0.218s] INFO:colcon.colcon_ros.task.ament_cmake.build:Building ROS package in '/home/dministrator/myPro_c/ros2_ws/src/try_node' with build type 'ament_cmake'
[0.218s] INFO:colcon.colcon_cmake.task.cmake.build:Building CMake package in '/home/dministrator/myPro_c/ros2_ws/src/try_node'
[0.219s] INFO:colcon.colcon_core.plugin_system:Skipping extension 'colcon_core.shell.bat': Not used on non-Windows systems
[0.220s] INFO:colcon.colcon_core.shell:Skip shell extension 'powershell' for command environment: Not usable outside of PowerShell
[0.220s] DEBUG:colcon.colcon_core.shell:Skip shell extension 'dsv' for command environment
[0.227s] DEBUG:colcon.colcon_core.event_handler.log_command:Invoking command in '/home/dministrator/myPro_c/ros2_ws/src/build/try_node': CMAKE_PREFIX_PATH=${CMAKE_PREFIX_PATH}:/opt/ros/jazzy CONDA_PROMPT_MODIFIER=(base) /usr/bin/cmake --build /home/dministrator/myPro_c/ros2_ws/src/build/try_node -- -j16 -l16
[4.197s] DEBUG:colcon.colcon_core.event_handler.log_command:Invoked command in '/home/dministrator/myPro_c/ros2_ws/src/build/try_node' returned '0': CMAKE_PREFIX_PATH=${CMAKE_PREFIX_PATH}:/opt/ros/jazzy CONDA_PROMPT_MODIFIER=(base) /usr/bin/cmake --build /home/dministrator/myPro_c/ros2_ws/src/build/try_node -- -j16 -l16
[4.207s] DEBUG:colcon.colcon_core.event_handler.log_command:Invoking command in '/home/dministrator/myPro_c/ros2_ws/src/build/try_node': CMAKE_PREFIX_PATH=${CMAKE_PREFIX_PATH}:/opt/ros/jazzy CONDA_PROMPT_MODIFIER=(base) /usr/bin/cmake --install /home/dministrator/myPro_c/ros2_ws/src/build/try_node
[4.222s] Level 1:colcon.colcon_core.environment:create_environment_scripts_only(try_node)
[4.223s] DEBUG:colcon.colcon_core.event_handler.log_command:Invoked command in '/home/dministrator/myPro_c/ros2_ws/src/build/try_node' returned '0': CMAKE_PREFIX_PATH=${CMAKE_PREFIX_PATH}:/opt/ros/jazzy CONDA_PROMPT_MODIFIER=(base) /usr/bin/cmake --install /home/dministrator/myPro_c/ros2_ws/src/build/try_node
[4.224s] Level 1:colcon.colcon_core.environment:checking '/home/dministrator/myPro_c/ros2_ws/src/install/try_node' for CMake module files
[4.224s] Level 1:colcon.colcon_core.environment:checking '/home/dministrator/myPro_c/ros2_ws/src/install/try_node' for CMake config files
[4.225s] Level 1:colcon.colcon_core.shell:create_environment_hook('try_node', 'cmake_prefix_path')
[4.225s] INFO:colcon.colcon_core.shell:Creating environment hook '/home/dministrator/myPro_c/ros2_ws/src/install/try_node/share/try_node/hook/cmake_prefix_path.ps1'
[4.226s] INFO:colcon.colcon_core.shell:Creating environment descriptor '/home/dministrator/myPro_c/ros2_ws/src/install/try_node/share/try_node/hook/cmake_prefix_path.dsv'
[4.226s] INFO:colcon.colcon_core.shell:Creating environment hook '/home/dministrator/myPro_c/ros2_ws/src/install/try_node/share/try_node/hook/cmake_prefix_path.sh'
[4.227s] Level 1:colcon.colcon_core.environment:checking '/home/dministrator/myPro_c/ros2_ws/src/install/try_node/lib'
[4.228s] Level 1:colcon.colcon_core.environment:checking '/home/dministrator/myPro_c/ros2_ws/src/install/try_node/bin'
[4.228s] Level 1:colcon.colcon_core.environment:checking '/home/dministrator/myPro_c/ros2_ws/src/install/try_node/lib/pkgconfig/try_node.pc'
[4.228s] Level 1:colcon.colcon_core.environment:checking '/home/dministrator/myPro_c/ros2_ws/src/install/try_node/lib/python3.12/site-packages'
[4.228s] Level 1:colcon.colcon_core.environment:checking '/home/dministrator/myPro_c/ros2_ws/src/install/try_node/bin'
[4.228s] INFO:colcon.colcon_core.shell:Creating package script '/home/dministrator/myPro_c/ros2_ws/src/install/try_node/share/try_node/package.ps1'
[4.229s] INFO:colcon.colcon_core.shell:Creating package descriptor '/home/dministrator/myPro_c/ros2_ws/src/install/try_node/share/try_node/package.dsv'
[4.230s] INFO:colcon.colcon_core.shell:Creating package script '/home/dministrator/myPro_c/ros2_ws/src/install/try_node/share/try_node/package.sh'
[4.230s] INFO:colcon.colcon_core.shell:Creating package script '/home/dministrator/myPro_c/ros2_ws/src/install/try_node/share/try_node/package.bash'
[4.231s] INFO:colcon.colcon_core.shell:Creating package script '/home/dministrator/myPro_c/ros2_ws/src/install/try_node/share/try_node/package.zsh'
[4.231s] Level 1:colcon.colcon_core.environment:create_file_with_runtime_dependencies(/home/dministrator/myPro_c/ros2_ws/src/install/try_node/share/colcon-core/packages/try_node)
[4.232s] Level 1:colcon.colcon_core.environment:create_environment_scripts_only(try_node)
[4.232s] Level 1:colcon.colcon_core.environment:checking '/home/dministrator/myPro_c/ros2_ws/src/install/try_node' for CMake module files
[4.232s] Level 1:colcon.colcon_core.environment:checking '/home/dministrator/myPro_c/ros2_ws/src/install/try_node' for CMake config files
[4.232s] Level 1:colcon.colcon_core.shell:create_environment_hook('try_node', 'cmake_prefix_path')
[4.233s] INFO:colcon.colcon_core.shell:Creating environment hook '/home/dministrator/myPro_c/ros2_ws/src/install/try_node/share/try_node/hook/cmake_prefix_path.ps1'
[4.233s] INFO:colcon.colcon_core.shell:Creating environment descriptor '/home/dministrator/myPro_c/ros2_ws/src/install/try_node/share/try_node/hook/cmake_prefix_path.dsv'
[4.233s] INFO:colcon.colcon_core.shell:Creating environment hook '/home/dministrator/myPro_c/ros2_ws/src/install/try_node/share/try_node/hook/cmake_prefix_path.sh'
[4.234s] Level 1:colcon.colcon_core.environment:checking '/home/dministrator/myPro_c/ros2_ws/src/install/try_node/lib'
[4.234s] Level 1:colcon.colcon_core.environment:checking '/home/dministrator/myPro_c/ros2_ws/src/install/try_node/bin'
[4.234s] Level 1:colcon.colcon_core.environment:checking '/home/dministrator/myPro_c/ros2_ws/src/install/try_node/lib/pkgconfig/try_node.pc'
[4.234s] Level 1:colcon.colcon_core.environment:checking '/home/dministrator/myPro_c/ros2_ws/src/install/try_node/lib/python3.12/site-packages'
[4.234s] Level 1:colcon.colcon_core.environment:checking '/home/dministrator/myPro_c/ros2_ws/src/install/try_node/bin'
[4.234s] INFO:colcon.colcon_core.shell:Creating package script '/home/dministrator/myPro_c/ros2_ws/src/install/try_node/share/try_node/package.ps1'
[4.235s] INFO:colcon.colcon_core.shell:Creating package descriptor '/home/dministrator/myPro_c/ros2_ws/src/install/try_node/share/try_node/package.dsv'
[4.235s] INFO:colcon.colcon_core.shell:Creating package script '/home/dministrator/myPro_c/ros2_ws/src/install/try_node/share/try_node/package.sh'
[4.235s] INFO:colcon.colcon_core.shell:Creating package script '/home/dministrator/myPro_c/ros2_ws/src/install/try_node/share/try_node/package.bash'
[4.236s] INFO:colcon.colcon_core.shell:Creating package script '/home/dministrator/myPro_c/ros2_ws/src/install/try_node/share/try_node/package.zsh'
[4.236s] Level 1:colcon.colcon_core.environment:create_file_with_runtime_dependencies(/home/dministrator/myPro_c/ros2_ws/src/install/try_node/share/colcon-core/packages/try_node)
[4.236s] DEBUG:colcon.colcon_parallel_executor.executor.parallel:closing loop
[4.237s] DEBUG:colcon.colcon_parallel_executor.executor.parallel:loop closed
[4.237s] DEBUG:colcon.colcon_parallel_executor.executor.parallel:run_until_complete finished with '0'
[4.237s] DEBUG:colcon.colcon_core.event_reactor:joining thread
[4.260s] INFO:colcon.colcon_core.plugin_system:Skipping extension 'colcon_notification.desktop_notification.notify_send': Could not find 'notify-send'
[4.260s] INFO:colcon.colcon_core.plugin_system:Skipping extension 'colcon_notification.desktop_notification.terminal_notifier': Not used on non-Darwin systems
[4.260s] INFO:colcon.colcon_core.plugin_system:Skipping extension 'colcon_notification.desktop_notification.win32': Not used on non-Windows systems
[4.260s] INFO:colcon.colcon_notification.desktop_notification:Sending desktop notification using 'notify2'
[4.261s] DEBUG:colcon.colcon_notification.desktop_notification.notify2:Failed to initialize notify2: org.freedesktop.DBus.Error.ServiceUnknown: The name org.freedesktop.Notifications was not provided by any .service files
[4.262s] DEBUG:colcon.colcon_core.event_reactor:joined thread
[4.262s] INFO:colcon.colcon_core.shell:Creating prefix script '/home/dministrator/myPro_c/ros2_ws/src/install/local_setup.ps1'
[4.263s] INFO:colcon.colcon_core.shell:Creating prefix util module '/home/dministrator/myPro_c/ros2_ws/src/install/_local_setup_util_ps1.py'
[4.263s] INFO:colcon.colcon_core.shell:Creating prefix chain script '/home/dministrator/myPro_c/ros2_ws/src/install/setup.ps1'
[4.264s] INFO:colcon.colcon_core.shell:Creating prefix script '/home/dministrator/myPro_c/ros2_ws/src/install/local_setup.sh'
[4.264s] INFO:colcon.colcon_core.shell:Creating prefix util module '/home/dministrator/myPro_c/ros2_ws/src/install/_local_setup_util_sh.py'
[4.264s] INFO:colcon.colcon_core.shell:Creating prefix chain script '/home/dministrator/myPro_c/ros2_ws/src/install/setup.sh'
[4.265s] INFO:colcon.colcon_core.shell:Creating prefix script '/home/dministrator/myPro_c/ros2_ws/src/install/local_setup.bash'
[4.265s] INFO:colcon.colcon_core.shell:Creating prefix chain script '/home/dministrator/myPro_c/ros2_ws/src/install/setup.bash'
[4.266s] INFO:colcon.colcon_core.shell:Creating prefix script '/home/dministrator/myPro_c/ros2_ws/src/install/local_setup.zsh'
[4.266s] INFO:colcon.colcon_core.shell:Creating prefix chain script '/home/dministrator/myPro_c/ros2_ws/src/install/setup.zsh'
