[0.009s] Invoking command in '/home/dministrator/myPro_c/ros2_ws/build/try_node': CMAKE_PREFIX_PATH=${CMAKE_PREFIX_PATH}:/opt/ros/jazzy CONDA_PROMPT_MODIFIER=(base) /usr/bin/cmake --build /home/dministrator/myPro_c/ros2_ws/build/try_node -- -j16 -l16
[0.049s] [ 16%] [32mBuilding CXX object CMakeFiles/learn_functional.dir/src/learn_functional.cpp.o[0m
[0.052s] [ 83%] Built target subscriber_node
[0.052s] [ 83%] Built target publisher_node
[0.357s] [100%] [32m[1mLinking CXX executable learn_functional[0m
[0.439s] [100%] Built target learn_functional
[0.448s] Invoked command in '/home/dministrator/myPro_c/ros2_ws/build/try_node' returned '0': CMAKE_PREFIX_PATH=${CMAKE_PREFIX_PATH}:/opt/ros/jazzy CONDA_PROMPT_MODIFIER=(base) /usr/bin/cmake --build /home/dministrator/myPro_c/ros2_ws/build/try_node -- -j16 -l16
[0.456s] Invoking command in '/home/dministrator/myPro_c/ros2_ws/build/try_node': CMAKE_PREFIX_PATH=${CMAKE_PREFIX_PATH}:/opt/ros/jazzy CONDA_PROMPT_MODIFIER=(base) /usr/bin/cmake --install /home/dministrator/myPro_c/ros2_ws/build/try_node
[0.462s] -- Install configuration: ""
[0.462s] -- Up-to-date: /home/dministrator/myPro_c/ros2_ws/install/try_node/lib/try_node/publisher_node
[0.462s] -- Up-to-date: /home/dministrator/myPro_c/ros2_ws/install/try_node/lib/try_node/subscriber_node
[0.462s] -- Installing: /home/dministrator/myPro_c/ros2_ws/install/try_node/lib/try_node/learn_functional
[0.463s] -- Up-to-date: /home/dministrator/myPro_c/ros2_ws/install/try_node/share/ament_index/resource_index/package_run_dependencies/try_node
[0.463s] -- Up-to-date: /home/dministrator/myPro_c/ros2_ws/install/try_node/share/ament_index/resource_index/parent_prefix_path/try_node
[0.463s] -- Up-to-date: /home/dministrator/myPro_c/ros2_ws/install/try_node/share/try_node/environment/ament_prefix_path.sh
[0.463s] -- Up-to-date: /home/dministrator/myPro_c/ros2_ws/install/try_node/share/try_node/environment/ament_prefix_path.dsv
[0.463s] -- Up-to-date: /home/dministrator/myPro_c/ros2_ws/install/try_node/share/try_node/environment/path.sh
[0.463s] -- Up-to-date: /home/dministrator/myPro_c/ros2_ws/install/try_node/share/try_node/environment/path.dsv
[0.463s] -- Up-to-date: /home/dministrator/myPro_c/ros2_ws/install/try_node/share/try_node/local_setup.bash
[0.463s] -- Up-to-date: /home/dministrator/myPro_c/ros2_ws/install/try_node/share/try_node/local_setup.sh
[0.463s] -- Up-to-date: /home/dministrator/myPro_c/ros2_ws/install/try_node/share/try_node/local_setup.zsh
[0.463s] -- Up-to-date: /home/dministrator/myPro_c/ros2_ws/install/try_node/share/try_node/local_setup.dsv
[0.463s] -- Installing: /home/dministrator/myPro_c/ros2_ws/install/try_node/share/try_node/package.dsv
[0.463s] -- Up-to-date: /home/dministrator/myPro_c/ros2_ws/install/try_node/share/ament_index/resource_index/packages/try_node
[0.464s] -- Up-to-date: /home/dministrator/myPro_c/ros2_ws/install/try_node/share/try_node/cmake/try_nodeConfig.cmake
[0.464s] -- Up-to-date: /home/dministrator/myPro_c/ros2_ws/install/try_node/share/try_node/cmake/try_nodeConfig-version.cmake
[0.464s] -- Up-to-date: /home/dministrator/myPro_c/ros2_ws/install/try_node/share/try_node/package.xml
[0.465s] Invoked command in '/home/dministrator/myPro_c/ros2_ws/build/try_node' returned '0': CMAKE_PREFIX_PATH=${CMAKE_PREFIX_PATH}:/opt/ros/jazzy CONDA_PROMPT_MODIFIER=(base) /usr/bin/cmake --install /home/dministrator/myPro_c/ros2_ws/build/try_node
