[0.092s] DEBUG:colcon:Command line arguments: ['/usr/bin/colcon', 'build']
[0.092s] DEBUG:colcon:Parsed command line arguments: Namespace(log_base=None, log_level=None, verb_name='build', build_base='build', install_base='install', merge_install=False, symlink_install=False, test_result_base=None, continue_on_error=False, executor='parallel', parallel_workers=16, event_handlers=None, ignore_user_meta=False, metas=['./colcon.meta'], base_paths=['.'], packages_ignore=None, packages_ignore_regex=None, paths=None, packages_up_to=None, packages_up_to_regex=None, packages_above=None, packages_above_and_dependencies=None, packages_above_depth=None, packages_select_by_dep=None, packages_skip_by_dep=None, packages_skip_up_to=None, packages_select_build_failed=False, packages_skip_build_finished=False, packages_select_test_failures=False, packages_skip_test_passed=False, packages_select=None, packages_skip=None, packages_select_regex=None, packages_skip_regex=None, packages_start=None, packages_end=None, allow_overriding=[], cmake_args=None, cmake_target=None, cmake_target_skip_unavailable=False, cmake_clean_cache=False, cmake_clean_first=False, cmake_force_configure=False, ament_cmake_args=None, catkin_cmake_args=None, catkin_skip_building_tests=False, verb_parser=<colcon_defaults.argument_parser.defaults.DefaultArgumentsDecorator object at 0x7d7366a6f170>, verb_extension=<colcon_core.verb.build.BuildVerb object at 0x7d7366a6ef30>, main=<bound method BuildVerb.main of <colcon_core.verb.build.BuildVerb object at 0x7d7366a6ef30>>)
[0.120s] Level 1:colcon.colcon_core.package_discovery:discover_packages(colcon_meta) check parameters
[0.121s] Level 1:colcon.colcon_core.package_discovery:discover_packages(recursive) check parameters
[0.121s] Level 1:colcon.colcon_core.package_discovery:discover_packages(ignore) check parameters
[0.121s] Level 1:colcon.colcon_core.package_discovery:discover_packages(path) check parameters
[0.121s] Level 1:colcon.colcon_core.package_discovery:discover_packages(colcon_meta) discover
[0.121s] Level 1:colcon.colcon_core.package_discovery:discover_packages(recursive) discover
[0.121s] INFO:colcon.colcon_core.package_discovery:Crawling recursively for packages in '/home/dministrator/myPro_c/ros2_ws'
[0.121s] Level 1:colcon.colcon_core.package_identification:_identify(.) by extensions ['ignore', 'ignore_ament_install']
[0.121s] Level 1:colcon.colcon_core.package_identification:_identify(.) by extension 'ignore'
[0.121s] Level 1:colcon.colcon_core.package_identification:_identify(.) by extension 'ignore_ament_install'
[0.121s] Level 1:colcon.colcon_core.package_identification:_identify(.) by extensions ['colcon_pkg']
[0.121s] Level 1:colcon.colcon_core.package_identification:_identify(.) by extension 'colcon_pkg'
[0.121s] Level 1:colcon.colcon_core.package_identification:_identify(.) by extensions ['colcon_meta']
[0.121s] Level 1:colcon.colcon_core.package_identification:_identify(.) by extension 'colcon_meta'
[0.121s] Level 1:colcon.colcon_core.package_identification:_identify(.) by extensions ['ros']
[0.121s] Level 1:colcon.colcon_core.package_identification:_identify(.) by extension 'ros'
[0.139s] Level 1:colcon.colcon_core.package_identification:_identify(.) by extensions ['cmake', 'python']
[0.139s] Level 1:colcon.colcon_core.package_identification:_identify(.) by extension 'cmake'
[0.139s] Level 1:colcon.colcon_core.package_identification:_identify(.) by extension 'python'
[0.139s] Level 1:colcon.colcon_core.package_identification:_identify(.) by extensions ['python_setup_py']
[0.139s] Level 1:colcon.colcon_core.package_identification:_identify(.) by extension 'python_setup_py'
[0.139s] Level 1:colcon.colcon_core.package_identification:_identify(build) by extensions ['ignore', 'ignore_ament_install']
[0.139s] Level 1:colcon.colcon_core.package_identification:_identify(build) by extension 'ignore'
[0.139s] Level 1:colcon.colcon_core.package_identification:_identify(build) ignored
[0.139s] Level 1:colcon.colcon_core.package_identification:_identify(install) by extensions ['ignore', 'ignore_ament_install']
[0.139s] Level 1:colcon.colcon_core.package_identification:_identify(install) by extension 'ignore'
[0.139s] Level 1:colcon.colcon_core.package_identification:_identify(install) ignored
[0.140s] Level 1:colcon.colcon_core.package_identification:_identify(learnNote) by extensions ['ignore', 'ignore_ament_install']
[0.140s] Level 1:colcon.colcon_core.package_identification:_identify(learnNote) by extension 'ignore'
[0.140s] Level 1:colcon.colcon_core.package_identification:_identify(learnNote) by extension 'ignore_ament_install'
[0.140s] Level 1:colcon.colcon_core.package_identification:_identify(learnNote) by extensions ['colcon_pkg']
[0.140s] Level 1:colcon.colcon_core.package_identification:_identify(learnNote) by extension 'colcon_pkg'
[0.140s] Level 1:colcon.colcon_core.package_identification:_identify(learnNote) by extensions ['colcon_meta']
[0.140s] Level 1:colcon.colcon_core.package_identification:_identify(learnNote) by extension 'colcon_meta'
[0.140s] Level 1:colcon.colcon_core.package_identification:_identify(learnNote) by extensions ['ros']
[0.140s] Level 1:colcon.colcon_core.package_identification:_identify(learnNote) by extension 'ros'
[0.140s] Level 1:colcon.colcon_core.package_identification:_identify(learnNote) by extensions ['cmake', 'python']
[0.140s] Level 1:colcon.colcon_core.package_identification:_identify(learnNote) by extension 'cmake'
[0.140s] Level 1:colcon.colcon_core.package_identification:_identify(learnNote) by extension 'python'
[0.140s] Level 1:colcon.colcon_core.package_identification:_identify(learnNote) by extensions ['python_setup_py']
[0.140s] Level 1:colcon.colcon_core.package_identification:_identify(learnNote) by extension 'python_setup_py'
[0.140s] Level 1:colcon.colcon_core.package_identification:_identify(log) by extensions ['ignore', 'ignore_ament_install']
[0.140s] Level 1:colcon.colcon_core.package_identification:_identify(log) by extension 'ignore'
[0.140s] Level 1:colcon.colcon_core.package_identification:_identify(log) ignored
[0.140s] Level 1:colcon.colcon_core.package_identification:_identify(src) by extensions ['ignore', 'ignore_ament_install']
[0.140s] Level 1:colcon.colcon_core.package_identification:_identify(src) by extension 'ignore'
[0.140s] Level 1:colcon.colcon_core.package_identification:_identify(src) by extension 'ignore_ament_install'
[0.140s] Level 1:colcon.colcon_core.package_identification:_identify(src) by extensions ['colcon_pkg']
[0.140s] Level 1:colcon.colcon_core.package_identification:_identify(src) by extension 'colcon_pkg'
[0.140s] Level 1:colcon.colcon_core.package_identification:_identify(src) by extensions ['colcon_meta']
[0.140s] Level 1:colcon.colcon_core.package_identification:_identify(src) by extension 'colcon_meta'
[0.140s] Level 1:colcon.colcon_core.package_identification:_identify(src) by extensions ['ros']
[0.140s] Level 1:colcon.colcon_core.package_identification:_identify(src) by extension 'ros'
[0.140s] Level 1:colcon.colcon_core.package_identification:_identify(src) by extensions ['cmake', 'python']
[0.140s] Level 1:colcon.colcon_core.package_identification:_identify(src) by extension 'cmake'
[0.140s] Level 1:colcon.colcon_core.package_identification:_identify(src) by extension 'python'
[0.140s] Level 1:colcon.colcon_core.package_identification:_identify(src) by extensions ['python_setup_py']
[0.140s] Level 1:colcon.colcon_core.package_identification:_identify(src) by extension 'python_setup_py'
[0.140s] Level 1:colcon.colcon_core.package_identification:_identify(src/build) by extensions ['ignore', 'ignore_ament_install']
[0.140s] Level 1:colcon.colcon_core.package_identification:_identify(src/build) by extension 'ignore'
[0.140s] Level 1:colcon.colcon_core.package_identification:_identify(src/build) ignored
[0.141s] Level 1:colcon.colcon_core.package_identification:_identify(src/install) by extensions ['ignore', 'ignore_ament_install']
[0.141s] Level 1:colcon.colcon_core.package_identification:_identify(src/install) by extension 'ignore'
[0.141s] Level 1:colcon.colcon_core.package_identification:_identify(src/install) ignored
[0.141s] Level 1:colcon.colcon_core.package_identification:_identify(src/log) by extensions ['ignore', 'ignore_ament_install']
[0.141s] Level 1:colcon.colcon_core.package_identification:_identify(src/log) by extension 'ignore'
[0.141s] Level 1:colcon.colcon_core.package_identification:_identify(src/log) ignored
[0.141s] Level 1:colcon.colcon_core.package_identification:_identify(src/test_node) by extensions ['ignore', 'ignore_ament_install']
[0.141s] Level 1:colcon.colcon_core.package_identification:_identify(src/test_node) by extension 'ignore'
[0.141s] Level 1:colcon.colcon_core.package_identification:_identify(src/test_node) by extension 'ignore_ament_install'
[0.141s] Level 1:colcon.colcon_core.package_identification:_identify(src/test_node) by extensions ['colcon_pkg']
[0.141s] Level 1:colcon.colcon_core.package_identification:_identify(src/test_node) by extension 'colcon_pkg'
[0.141s] Level 1:colcon.colcon_core.package_identification:_identify(src/test_node) by extensions ['colcon_meta']
[0.141s] Level 1:colcon.colcon_core.package_identification:_identify(src/test_node) by extension 'colcon_meta'
[0.141s] Level 1:colcon.colcon_core.package_identification:_identify(src/test_node) by extensions ['ros']
[0.141s] Level 1:colcon.colcon_core.package_identification:_identify(src/test_node) by extension 'ros'
[0.143s] DEBUG:colcon.colcon_core.package_identification:Package 'src/test_node' with type 'ros.ament_cmake' and name 'test_node'
[0.143s] Level 1:colcon.colcon_core.package_identification:_identify(src/try_node) by extensions ['ignore', 'ignore_ament_install']
[0.143s] Level 1:colcon.colcon_core.package_identification:_identify(src/try_node) by extension 'ignore'
[0.143s] Level 1:colcon.colcon_core.package_identification:_identify(src/try_node) by extension 'ignore_ament_install'
[0.144s] Level 1:colcon.colcon_core.package_identification:_identify(src/try_node) by extensions ['colcon_pkg']
[0.144s] Level 1:colcon.colcon_core.package_identification:_identify(src/try_node) by extension 'colcon_pkg'
[0.144s] Level 1:colcon.colcon_core.package_identification:_identify(src/try_node) by extensions ['colcon_meta']
[0.144s] Level 1:colcon.colcon_core.package_identification:_identify(src/try_node) by extension 'colcon_meta'
[0.144s] Level 1:colcon.colcon_core.package_identification:_identify(src/try_node) by extensions ['ros']
[0.144s] Level 1:colcon.colcon_core.package_identification:_identify(src/try_node) by extension 'ros'
[0.144s] DEBUG:colcon.colcon_core.package_identification:Package 'src/try_node' with type 'ros.ament_cmake' and name 'try_node'
[0.144s] Level 1:colcon.colcon_core.package_discovery:discover_packages(recursive) using defaults
[0.144s] Level 1:colcon.colcon_core.package_discovery:discover_packages(ignore) discover
[0.144s] Level 1:colcon.colcon_core.package_discovery:discover_packages(ignore) using defaults
[0.144s] Level 1:colcon.colcon_core.package_discovery:discover_packages(path) discover
[0.144s] Level 1:colcon.colcon_core.package_discovery:discover_packages(path) using defaults
[0.156s] Level 1:colcon.colcon_core.package_discovery:discover_packages(prefix_path) check parameters
[0.156s] Level 1:colcon.colcon_core.package_discovery:discover_packages(prefix_path) discover
[0.158s] DEBUG:colcon.colcon_installed_package_information.package_discovery:Found 285 installed packages in /opt/ros/jazzy
[0.158s] Level 1:colcon.colcon_core.package_discovery:discover_packages(prefix_path) using defaults
[0.181s] Level 5:colcon.colcon_core.verb:set package 'test_node' build argument 'cmake_args' from command line to 'None'
[0.181s] Level 5:colcon.colcon_core.verb:set package 'test_node' build argument 'cmake_target' from command line to 'None'
[0.181s] Level 5:colcon.colcon_core.verb:set package 'test_node' build argument 'cmake_target_skip_unavailable' from command line to 'False'
[0.182s] Level 5:colcon.colcon_core.verb:set package 'test_node' build argument 'cmake_clean_cache' from command line to 'False'
[0.182s] Level 5:colcon.colcon_core.verb:set package 'test_node' build argument 'cmake_clean_first' from command line to 'False'
[0.182s] Level 5:colcon.colcon_core.verb:set package 'test_node' build argument 'cmake_force_configure' from command line to 'False'
[0.182s] Level 5:colcon.colcon_core.verb:set package 'test_node' build argument 'ament_cmake_args' from command line to 'None'
[0.182s] Level 5:colcon.colcon_core.verb:set package 'test_node' build argument 'catkin_cmake_args' from command line to 'None'
[0.182s] Level 5:colcon.colcon_core.verb:set package 'test_node' build argument 'catkin_skip_building_tests' from command line to 'False'
[0.182s] DEBUG:colcon.colcon_core.verb:Building package 'test_node' with the following arguments: {'ament_cmake_args': None, 'build_base': '/home/dministrator/myPro_c/ros2_ws/build/test_node', 'catkin_cmake_args': None, 'catkin_skip_building_tests': False, 'cmake_args': None, 'cmake_clean_cache': False, 'cmake_clean_first': False, 'cmake_force_configure': False, 'cmake_target': None, 'cmake_target_skip_unavailable': False, 'install_base': '/home/dministrator/myPro_c/ros2_ws/install/test_node', 'merge_install': False, 'path': '/home/dministrator/myPro_c/ros2_ws/src/test_node', 'symlink_install': False, 'test_result_base': None}
[0.182s] Level 5:colcon.colcon_core.verb:set package 'try_node' build argument 'cmake_args' from command line to 'None'
[0.182s] Level 5:colcon.colcon_core.verb:set package 'try_node' build argument 'cmake_target' from command line to 'None'
[0.182s] Level 5:colcon.colcon_core.verb:set package 'try_node' build argument 'cmake_target_skip_unavailable' from command line to 'False'
[0.182s] Level 5:colcon.colcon_core.verb:set package 'try_node' build argument 'cmake_clean_cache' from command line to 'False'
[0.182s] Level 5:colcon.colcon_core.verb:set package 'try_node' build argument 'cmake_clean_first' from command line to 'False'
[0.182s] Level 5:colcon.colcon_core.verb:set package 'try_node' build argument 'cmake_force_configure' from command line to 'False'
[0.182s] Level 5:colcon.colcon_core.verb:set package 'try_node' build argument 'ament_cmake_args' from command line to 'None'
[0.182s] Level 5:colcon.colcon_core.verb:set package 'try_node' build argument 'catkin_cmake_args' from command line to 'None'
[0.182s] Level 5:colcon.colcon_core.verb:set package 'try_node' build argument 'catkin_skip_building_tests' from command line to 'False'
[0.182s] DEBUG:colcon.colcon_core.verb:Building package 'try_node' with the following arguments: {'ament_cmake_args': None, 'build_base': '/home/dministrator/myPro_c/ros2_ws/build/try_node', 'catkin_cmake_args': None, 'catkin_skip_building_tests': False, 'cmake_args': None, 'cmake_clean_cache': False, 'cmake_clean_first': False, 'cmake_force_configure': False, 'cmake_target': None, 'cmake_target_skip_unavailable': False, 'install_base': '/home/dministrator/myPro_c/ros2_ws/install/try_node', 'merge_install': False, 'path': '/home/dministrator/myPro_c/ros2_ws/src/try_node', 'symlink_install': False, 'test_result_base': None}
[0.182s] INFO:colcon.colcon_core.executor:Executing jobs using 'parallel' executor
[0.183s] DEBUG:colcon.colcon_parallel_executor.executor.parallel:run_until_complete
[0.183s] INFO:colcon.colcon_ros.task.ament_cmake.build:Building ROS package in '/home/dministrator/myPro_c/ros2_ws/src/test_node' with build type 'ament_cmake'
[0.183s] INFO:colcon.colcon_cmake.task.cmake.build:Building CMake package in '/home/dministrator/myPro_c/ros2_ws/src/test_node'
[0.184s] INFO:colcon.colcon_core.plugin_system:Skipping extension 'colcon_core.shell.bat': Not used on non-Windows systems
[0.184s] INFO:colcon.colcon_core.shell:Skip shell extension 'powershell' for command environment: Not usable outside of PowerShell
[0.184s] DEBUG:colcon.colcon_core.shell:Skip shell extension 'dsv' for command environment
[0.186s] INFO:colcon.colcon_ros.task.ament_cmake.build:Building ROS package in '/home/dministrator/myPro_c/ros2_ws/src/try_node' with build type 'ament_cmake'
[0.186s] INFO:colcon.colcon_cmake.task.cmake.build:Building CMake package in '/home/dministrator/myPro_c/ros2_ws/src/try_node'
[0.186s] INFO:colcon.colcon_core.shell:Skip shell extension 'powershell' for command environment: Not usable outside of PowerShell
[0.186s] DEBUG:colcon.colcon_core.shell:Skip shell extension 'dsv' for command environment
[0.191s] DEBUG:colcon.colcon_core.event_handler.log_command:Invoking command in '/home/dministrator/myPro_c/ros2_ws/build/test_node': CMAKE_PREFIX_PATH=${CMAKE_PREFIX_PATH}:/opt/ros/jazzy CONDA_PROMPT_MODIFIER=(base) /usr/bin/cmake /home/dministrator/myPro_c/ros2_ws/src/test_node -DCMAKE_INSTALL_PREFIX=/home/dministrator/myPro_c/ros2_ws/install/test_node
[0.196s] DEBUG:colcon.colcon_core.event_handler.log_command:Invoking command in '/home/dministrator/myPro_c/ros2_ws/build/try_node': CMAKE_PREFIX_PATH=${CMAKE_PREFIX_PATH}:/opt/ros/jazzy CONDA_PROMPT_MODIFIER=(base) /usr/bin/cmake --build /home/dministrator/myPro_c/ros2_ws/build/try_node -- -j16 -l16
[0.766s] DEBUG:colcon.colcon_core.event_handler.log_command:Invoked command in '/home/dministrator/myPro_c/ros2_ws/build/test_node' returned '1': CMAKE_PREFIX_PATH=${CMAKE_PREFIX_PATH}:/opt/ros/jazzy CONDA_PROMPT_MODIFIER=(base) /usr/bin/cmake /home/dministrator/myPro_c/ros2_ws/src/test_node -DCMAKE_INSTALL_PREFIX=/home/dministrator/myPro_c/ros2_ws/install/test_node
[0.775s] Level 1:colcon.colcon_core.environment:create_environment_scripts_only(test_node)
[0.776s] Level 1:colcon.colcon_core.environment:checking '/home/dministrator/myPro_c/ros2_ws/install/test_node' for CMake module files
[0.776s] Level 1:colcon.colcon_core.environment:checking '/home/dministrator/myPro_c/ros2_ws/install/test_node' for CMake config files
[0.777s] Level 1:colcon.colcon_core.environment:checking '/home/dministrator/myPro_c/ros2_ws/install/test_node/bin'
[0.777s] Level 1:colcon.colcon_core.environment:checking '/home/dministrator/myPro_c/ros2_ws/install/test_node/lib/pkgconfig/test_node.pc'
[0.777s] Level 1:colcon.colcon_core.environment:checking '/home/dministrator/myPro_c/ros2_ws/install/test_node/lib/python3.12/site-packages'
[0.777s] Level 1:colcon.colcon_core.environment:checking '/home/dministrator/myPro_c/ros2_ws/install/test_node/bin'
[0.778s] INFO:colcon.colcon_core.shell:Creating package script '/home/dministrator/myPro_c/ros2_ws/install/test_node/share/test_node/package.ps1'
[0.778s] INFO:colcon.colcon_core.shell:Creating package descriptor '/home/dministrator/myPro_c/ros2_ws/install/test_node/share/test_node/package.dsv'
[0.778s] INFO:colcon.colcon_core.shell:Creating package script '/home/dministrator/myPro_c/ros2_ws/install/test_node/share/test_node/package.sh'
[0.779s] INFO:colcon.colcon_core.shell:Creating package script '/home/dministrator/myPro_c/ros2_ws/install/test_node/share/test_node/package.bash'
[0.779s] INFO:colcon.colcon_core.shell:Creating package script '/home/dministrator/myPro_c/ros2_ws/install/test_node/share/test_node/package.zsh'
[0.779s] Level 1:colcon.colcon_core.environment:create_file_with_runtime_dependencies(/home/dministrator/myPro_c/ros2_ws/install/test_node/share/colcon-core/packages/test_node)
[7.022s] DEBUG:colcon.colcon_parallel_executor.executor.parallel:closing loop
[7.022s] DEBUG:colcon.colcon_parallel_executor.executor.parallel:loop closed
[7.022s] DEBUG:colcon.colcon_parallel_executor.executor.parallel:run_until_complete finished with '1'
[7.022s] DEBUG:colcon.colcon_core.event_reactor:joining thread
[7.042s] INFO:colcon.colcon_core.plugin_system:Skipping extension 'colcon_notification.desktop_notification.notify_send': Could not find 'notify-send'
[7.042s] INFO:colcon.colcon_core.plugin_system:Skipping extension 'colcon_notification.desktop_notification.terminal_notifier': Not used on non-Darwin systems
[7.042s] INFO:colcon.colcon_core.plugin_system:Skipping extension 'colcon_notification.desktop_notification.win32': Not used on non-Windows systems
[7.042s] INFO:colcon.colcon_notification.desktop_notification:Sending desktop notification using 'notify2'
[7.043s] DEBUG:colcon.colcon_notification.desktop_notification.notify2:Failed to initialize notify2: org.freedesktop.DBus.Error.ServiceUnknown: The name org.freedesktop.Notifications was not provided by any .service files
[7.043s] DEBUG:colcon.colcon_core.event_reactor:joined thread
[7.043s] INFO:colcon.colcon_core.shell:Creating prefix script '/home/dministrator/myPro_c/ros2_ws/install/local_setup.ps1'
[7.044s] INFO:colcon.colcon_core.shell:Creating prefix util module '/home/dministrator/myPro_c/ros2_ws/install/_local_setup_util_ps1.py'
[7.045s] INFO:colcon.colcon_core.shell:Creating prefix chain script '/home/dministrator/myPro_c/ros2_ws/install/setup.ps1'
[7.045s] INFO:colcon.colcon_core.shell:Creating prefix script '/home/dministrator/myPro_c/ros2_ws/install/local_setup.sh'
[7.045s] INFO:colcon.colcon_core.shell:Creating prefix util module '/home/dministrator/myPro_c/ros2_ws/install/_local_setup_util_sh.py'
[7.046s] INFO:colcon.colcon_core.shell:Creating prefix chain script '/home/dministrator/myPro_c/ros2_ws/install/setup.sh'
[7.046s] INFO:colcon.colcon_core.shell:Creating prefix script '/home/dministrator/myPro_c/ros2_ws/install/local_setup.bash'
[7.047s] INFO:colcon.colcon_core.shell:Creating prefix chain script '/home/dministrator/myPro_c/ros2_ws/install/setup.bash'
[7.047s] INFO:colcon.colcon_core.shell:Creating prefix script '/home/dministrator/myPro_c/ros2_ws/install/local_setup.zsh'
[7.047s] INFO:colcon.colcon_core.shell:Creating prefix chain script '/home/dministrator/myPro_c/ros2_ws/install/setup.zsh'
