[0.009s] Invoking command in '/home/dministrator/myPro_c++/ros2_ws/build/new_node': CMAKE_PREFIX_PATH=${CMAKE_PREFIX_PATH}:/opt/ros/jazzy CONDA_PROMPT_MODIFIER=(base) /usr/bin/cmake /home/dministrator/myPro_c++/ros2_ws/src/new_node -DCMAKE_INSTALL_PREFIX=/home/dministrator/myPro_c++/ros2_ws/install/new_node
[0.327s] -- The C compiler identification is GNU 13.3.0
[0.639s] -- The CXX compiler identification is GNU 13.3.0
[0.822s] -- Detecting C compiler ABI info
[0.943s] -- Detecting C compiler ABI info - done
[0.949s] -- Check for working C compiler: /usr/bin/cc - skipped
[0.950s] -- Detecting C compile features
[0.952s] -- Detecting C compile features - done
[0.989s] -- Detecting CXX compiler ABI info
[1.116s] -- Detecting CXX compiler ABI info - done
[1.123s] -- Check for working CXX compiler: /usr/bin/c++ - skipped
[1.123s] -- Detecting CXX compile features
[1.124s] -- Detecting CXX compile features - done
[1.141s] -- Found ament_cmake: 2.5.4 (/opt/ros/jazzy/share/ament_cmake/cmake)
[1.296s] -- Found Python3: /home/dministrator/miniconda3/bin/python3 (found version "3.13.5") found components: Interpreter 
[1.460s] -- Found rclcpp: 28.1.12 (/opt/ros/jazzy/share/rclcpp/cmake)
[1.556s] -- Found rosidl_generator_c: 4.6.6 (/opt/ros/jazzy/share/rosidl_generator_c/cmake)
[1.570s] -- Found rosidl_generator_cpp: 4.6.6 (/opt/ros/jazzy/share/rosidl_generator_cpp/cmake)
[1.592s] -- Using all available rosidl_typesupport_c: rosidl_typesupport_fastrtps_c;rosidl_typesupport_introspection_c
[1.612s] -- Using all available rosidl_typesupport_cpp: rosidl_typesupport_fastrtps_cpp;rosidl_typesupport_introspection_cpp
[1.702s] -- Found rmw_implementation_cmake: 7.3.2 (/opt/ros/jazzy/share/rmw_implementation_cmake/cmake)
[1.706s] -- Found rmw_fastrtps_cpp: 8.4.3 (/opt/ros/jazzy/share/rmw_fastrtps_cpp/cmake)
[1.790s] -- Found OpenSSL: /usr/local/lib/libcrypto.so (found version "1.1.1g")  
[1.857s] -- Found FastRTPS: /opt/ros/jazzy/include (Required is at least version "2.13") 
[1.900s] -- Using RMW implementation 'rmw_fastrtps_cpp' as default
[2.020s] -- Found std_msgs: 5.3.6 (/opt/ros/jazzy/share/std_msgs/cmake)
[2.039s] -- Found ament_lint_auto: 0.17.3 (/opt/ros/jazzy/share/ament_lint_auto/cmake)
[2.060s] Traceback (most recent call last):
[2.062s]   File "/opt/ros/jazzy/share/ament_cmake_core/cmake/core/package_xml_2_cmake.py", line 22, in <module>
[2.062s]     from catkin_pkg.package import parse_package_string
[2.062s] ModuleNotFoundError: No module named 'catkin_pkg'
[2.066s] [31mCMake Error at /opt/ros/jazzy/share/ament_cmake_core/cmake/core/ament_package_xml.cmake:95 (message):
[2.066s]   execute_process(/home/dministrator/miniconda3/bin/python3
[2.066s]   /opt/ros/jazzy/share/ament_cmake_core/cmake/core/package_xml_2_cmake.py
[2.066s]   /home/dministrator/myPro_c++/ros2_ws/src/new_node/package.xml
[2.066s]   /home/dministrator/myPro_c++/ros2_ws/build/new_node/ament_cmake_core/package.cmake)
[2.066s]   returned error code 1
[2.067s] Call Stack (most recent call first):
[2.067s]   /opt/ros/jazzy/share/ament_cmake_core/cmake/core/ament_package_xml.cmake:49 (_ament_package_xml)
[2.067s]   /opt/ros/jazzy/share/ament_lint_auto/cmake/ament_lint_auto_find_test_dependencies.cmake:31 (ament_package_xml)
[2.067s]   CMakeLists.txt:22 (ament_lint_auto_find_test_dependencies)
[2.067s] 
[2.067s] [0m
[2.067s] -- Configuring incomplete, errors occurred!
[2.073s] Invoked command in '/home/dministrator/myPro_c++/ros2_ws/build/new_node' returned '1': CMAKE_PREFIX_PATH=${CMAKE_PREFIX_PATH}:/opt/ros/jazzy CONDA_PROMPT_MODIFIER=(base) /usr/bin/cmake /home/dministrator/myPro_c++/ros2_ws/src/new_node -DCMAKE_INSTALL_PREFIX=/home/dministrator/myPro_c++/ros2_ws/install/new_node
