-- The C compiler identification is GNU 13.3.0
-- The CXX compiler identification is GNU 13.3.0
-- Detecting C compiler ABI info
-- Detecting C compiler ABI info - done
-- Check for working C compiler: /usr/bin/cc - skipped
-- Detecting C compile features
-- Detecting C compile features - done
-- Detecting CXX compiler ABI info
-- Detecting CXX compiler ABI info - done
-- Check for working CXX compiler: /usr/bin/c++ - skipped
-- Detecting CXX compile features
-- Detecting CXX compile features - done
-- Found ament_cmake: 2.5.4 (/opt/ros/jazzy/share/ament_cmake/cmake)
-- Found Python3: /home/dministrator/miniconda3/bin/python3 (found version "3.13.5") found components: Interpreter 
-- Found rclcpp: 28.1.12 (/opt/ros/jazzy/share/rclcpp/cmake)
-- Found rosidl_generator_c: 4.6.6 (/opt/ros/jazzy/share/rosidl_generator_c/cmake)
-- Found rosidl_generator_cpp: 4.6.6 (/opt/ros/jazzy/share/rosidl_generator_cpp/cmake)
-- Using all available rosidl_typesupport_c: rosidl_typesupport_fastrtps_c;rosidl_typesupport_introspection_c
-- Using all available rosidl_typesupport_cpp: rosidl_typesupport_fastrtps_cpp;rosidl_typesupport_introspection_cpp
-- Found rmw_implementation_cmake: 7.3.2 (/opt/ros/jazzy/share/rmw_implementation_cmake/cmake)
-- Found rmw_fastrtps_cpp: 8.4.3 (/opt/ros/jazzy/share/rmw_fastrtps_cpp/cmake)
-- Found OpenSSL: /usr/local/lib/libcrypto.so (found version "1.1.1g")  
-- Found FastRTPS: /opt/ros/jazzy/include (Required is at least version "2.13") 
-- Using RMW implementation 'rmw_fastrtps_cpp' as default
-- Found std_msgs: 5.3.6 (/opt/ros/jazzy/share/std_msgs/cmake)
-- Found ament_lint_auto: 0.17.3 (/opt/ros/jazzy/share/ament_lint_auto/cmake)
-- Added test 'cppcheck' to perform static code analysis on C / C++ code
-- Configured cppcheck include dirs: 
-- Configured cppcheck exclude dirs and/or files: 
-- Added test 'lint_cmake' to check CMake code style
-- Added test 'uncrustify' to check C / C++ code style
-- Configured uncrustify additional arguments: 
-- Added test 'xmllint' to check XML markup files
-- Configuring done (1.9s)
-- Generating done (0.0s)
-- Build files have been written to: /home/dministrator/myPro_c/ros2_ws/build/new_node
-- Install configuration: ""
-- Installing: /home/dministrator/myPro_c/ros2_ws/install/new_node/share/ament_index/resource_index/package_run_dependencies/new_node
-- Installing: /home/dministrator/myPro_c/ros2_ws/install/new_node/share/ament_index/resource_index/parent_prefix_path/new_node
-- Installing: /home/dministrator/myPro_c/ros2_ws/install/new_node/share/new_node/environment/ament_prefix_path.sh
-- Installing: /home/dministrator/myPro_c/ros2_ws/install/new_node/share/new_node/environment/ament_prefix_path.dsv
-- Installing: /home/dministrator/myPro_c/ros2_ws/install/new_node/share/new_node/environment/path.sh
-- Installing: /home/dministrator/myPro_c/ros2_ws/install/new_node/share/new_node/environment/path.dsv
-- Installing: /home/dministrator/myPro_c/ros2_ws/install/new_node/share/new_node/local_setup.bash
-- Installing: /home/dministrator/myPro_c/ros2_ws/install/new_node/share/new_node/local_setup.sh
-- Installing: /home/dministrator/myPro_c/ros2_ws/install/new_node/share/new_node/local_setup.zsh
-- Installing: /home/dministrator/myPro_c/ros2_ws/install/new_node/share/new_node/local_setup.dsv
-- Installing: /home/dministrator/myPro_c/ros2_ws/install/new_node/share/new_node/package.dsv
-- Installing: /home/dministrator/myPro_c/ros2_ws/install/new_node/share/ament_index/resource_index/packages/new_node
-- Installing: /home/dministrator/myPro_c/ros2_ws/install/new_node/share/new_node/cmake/new_nodeConfig.cmake
-- Installing: /home/dministrator/myPro_c/ros2_ws/install/new_node/share/new_node/cmake/new_nodeConfig-version.cmake
-- Installing: /home/dministrator/myPro_c/ros2_ws/install/new_node/share/new_node/package.xml
