[0.006s] Invoking command in '/home/dministrator/myPro_c/ros2_ws/build/new_node': CMAKE_PREFIX_PATH=${CMAKE_PREFIX_PATH}:/opt/ros/jazzy CONDA_PROMPT_MODIFIER=(base) /usr/bin/cmake /home/dministrator/myPro_c/ros2_ws/src/new_node -DCMAKE_INSTALL_PREFIX=/home/dministrator/myPro_c/ros2_ws/install/new_node
[0.238s] -- The C compiler identification is GNU 13.3.0
[0.512s] -- The CXX compiler identification is GNU 13.3.0
[0.682s] -- Detecting C compiler ABI info
[0.808s] -- Detecting C compiler ABI info - done
[0.814s] -- Check for working C compiler: /usr/bin/cc - skipped
[0.817s] -- Detecting C compile features
[0.818s] -- Detecting C compile features - done
[0.851s] -- Detecting CXX compiler ABI info
[0.966s] -- Detecting CXX compiler ABI info - done
[0.972s] -- Check for working CXX compiler: /usr/bin/c++ - skipped
[0.972s] -- Detecting CXX compile features
[0.973s] -- Detecting CXX compile features - done
[0.985s] -- Found ament_cmake: 2.5.4 (/opt/ros/jazzy/share/ament_cmake/cmake)
[1.127s] -- Found Python3: /home/dministrator/miniconda3/bin/python3 (found version "3.13.5") found components: Interpreter 
[1.279s] -- Found rclcpp: 28.1.12 (/opt/ros/jazzy/share/rclcpp/cmake)
[1.374s] -- Found rosidl_generator_c: 4.6.6 (/opt/ros/jazzy/share/rosidl_generator_c/cmake)
[1.385s] -- Found rosidl_generator_cpp: 4.6.6 (/opt/ros/jazzy/share/rosidl_generator_cpp/cmake)
[1.402s] -- Using all available rosidl_typesupport_c: rosidl_typesupport_fastrtps_c;rosidl_typesupport_introspection_c
[1.419s] -- Using all available rosidl_typesupport_cpp: rosidl_typesupport_fastrtps_cpp;rosidl_typesupport_introspection_cpp
[1.491s] -- Found rmw_implementation_cmake: 7.3.2 (/opt/ros/jazzy/share/rmw_implementation_cmake/cmake)
[1.494s] -- Found rmw_fastrtps_cpp: 8.4.3 (/opt/ros/jazzy/share/rmw_fastrtps_cpp/cmake)
[1.563s] -- Found OpenSSL: /usr/local/lib/libcrypto.so (found version "1.1.1g")  
[1.616s] -- Found FastRTPS: /opt/ros/jazzy/include (Required is at least version "2.13") 
[1.652s] -- Using RMW implementation 'rmw_fastrtps_cpp' as default
[1.750s] -- Found std_msgs: 5.3.6 (/opt/ros/jazzy/share/std_msgs/cmake)
[1.765s] -- Found ament_lint_auto: 0.17.3 (/opt/ros/jazzy/share/ament_lint_auto/cmake)
[1.872s] -- Added test 'cppcheck' to perform static code analysis on C / C++ code
[1.872s] -- Configured cppcheck include dirs: 
[1.872s] -- Configured cppcheck exclude dirs and/or files: 
[1.873s] -- Added test 'lint_cmake' to check CMake code style
[1.874s] -- Added test 'uncrustify' to check C / C++ code style
[1.874s] -- Configured uncrustify additional arguments: 
[1.875s] -- Added test 'xmllint' to check XML markup files
[1.877s] -- Configuring done (1.9s)
[1.881s] -- Generating done (0.0s)
[1.883s] -- Build files have been written to: /home/dministrator/myPro_c/ros2_ws/build/new_node
[1.889s] Invoked command in '/home/dministrator/myPro_c/ros2_ws/build/new_node' returned '0': CMAKE_PREFIX_PATH=${CMAKE_PREFIX_PATH}:/opt/ros/jazzy CONDA_PROMPT_MODIFIER=(base) /usr/bin/cmake /home/dministrator/myPro_c/ros2_ws/src/new_node -DCMAKE_INSTALL_PREFIX=/home/dministrator/myPro_c/ros2_ws/install/new_node
[1.890s] Invoking command in '/home/dministrator/myPro_c/ros2_ws/build/new_node': CMAKE_PREFIX_PATH=${CMAKE_PREFIX_PATH}:/opt/ros/jazzy CONDA_PROMPT_MODIFIER=(base) /usr/bin/cmake --build /home/dministrator/myPro_c/ros2_ws/build/new_node -- -j16 -l16
[1.916s] Invoked command in '/home/dministrator/myPro_c/ros2_ws/build/new_node' returned '0': CMAKE_PREFIX_PATH=${CMAKE_PREFIX_PATH}:/opt/ros/jazzy CONDA_PROMPT_MODIFIER=(base) /usr/bin/cmake --build /home/dministrator/myPro_c/ros2_ws/build/new_node -- -j16 -l16
[1.923s] Invoking command in '/home/dministrator/myPro_c/ros2_ws/build/new_node': CMAKE_PREFIX_PATH=${CMAKE_PREFIX_PATH}:/opt/ros/jazzy CONDA_PROMPT_MODIFIER=(base) /usr/bin/cmake --install /home/dministrator/myPro_c/ros2_ws/build/new_node
[1.929s] -- Install configuration: ""
[1.930s] -- Installing: /home/dministrator/myPro_c/ros2_ws/install/new_node/share/ament_index/resource_index/package_run_dependencies/new_node
[1.930s] -- Installing: /home/dministrator/myPro_c/ros2_ws/install/new_node/share/ament_index/resource_index/parent_prefix_path/new_node
[1.930s] -- Installing: /home/dministrator/myPro_c/ros2_ws/install/new_node/share/new_node/environment/ament_prefix_path.sh
[1.930s] -- Installing: /home/dministrator/myPro_c/ros2_ws/install/new_node/share/new_node/environment/ament_prefix_path.dsv
[1.930s] -- Installing: /home/dministrator/myPro_c/ros2_ws/install/new_node/share/new_node/environment/path.sh
[1.931s] -- Installing: /home/dministrator/myPro_c/ros2_ws/install/new_node/share/new_node/environment/path.dsv
[1.931s] -- Installing: /home/dministrator/myPro_c/ros2_ws/install/new_node/share/new_node/local_setup.bash
[1.931s] -- Installing: /home/dministrator/myPro_c/ros2_ws/install/new_node/share/new_node/local_setup.sh
[1.931s] -- Installing: /home/dministrator/myPro_c/ros2_ws/install/new_node/share/new_node/local_setup.zsh
[1.931s] -- Installing: /home/dministrator/myPro_c/ros2_ws/install/new_node/share/new_node/local_setup.dsv
[1.931s] -- Installing: /home/dministrator/myPro_c/ros2_ws/install/new_node/share/new_node/package.dsv
[1.931s] -- Installing: /home/dministrator/myPro_c/ros2_ws/install/new_node/share/ament_index/resource_index/packages/new_node
[1.931s] -- Installing: /home/dministrator/myPro_c/ros2_ws/install/new_node/share/new_node/cmake/new_nodeConfig.cmake
[1.931s] -- Installing: /home/dministrator/myPro_c/ros2_ws/install/new_node/share/new_node/cmake/new_nodeConfig-version.cmake
[1.932s] -- Installing: /home/dministrator/myPro_c/ros2_ws/install/new_node/share/new_node/package.xml
[1.933s] Invoked command in '/home/dministrator/myPro_c/ros2_ws/build/new_node' returned '0': CMAKE_PREFIX_PATH=${CMAKE_PREFIX_PATH}:/opt/ros/jazzy CONDA_PROMPT_MODIFIER=(base) /usr/bin/cmake --install /home/dministrator/myPro_c/ros2_ws/build/new_node
